<?xml version="1.0" encoding="UTF-8"?>
<testsuites name="3. Login - cek billing" time="167.87" tests="2" failures="0" errors="0">
   <testsuite name="3. Login - cek billing" tests="2" failures="0" errors="0" time="167.87" skipped="0" timestamp="2022-06-28 13:40:44" hostname="Nia Yusniati - Apandi.mshome.net" id="Test Suites/Upgrade - renewal FINA - Aswata/6/3. Login - cek billing">
      <properties>
[...]
</properties>
      <testcase name="Test Cases/DMS_Renewal dan Upgrade Asuransi Aswata/Matriks 6/6.1. Login - konsumen" time="54.24" classname="Test Cases/DMS_Renewal dan Upgrade Asuransi Aswata/Matriks 6/6.1. Login - konsumen" status="PASSED">
         <system-out><![CDATA[2022-06-28 13:40:44 - [TEST_CASE][PASSED] - Test Cases/DMS_Renewal dan Upgrade Asuransi Aswata/Matriks 6/6.1. Login - konsumen: Test Cases/DMS_Renewal dan Upgrade Asuransi Aswata/Matriks 6/6.1. Login - konsumen

2022-06-28 13:40:46 - [TEST_STEP][PASSED] - baseDir = System.getProperty("user.dir"): null

2022-06-28 13:40:46 - [TEST_STEP][PASSED] - startExistingApplication("com.vq.mbrochuregp.client.android", STOP_ON_FAILURE): Starting app with application ID: 'com.vq.mbrochuregp.client.android'

2022-06-28 13:40:50 - [MESSAGE][INFO] - Appium server started on port 55,183

2022-06-28 13:41:06 - [MESSAGE][PASSED] - Starting app with application ID: 'com.vq.mbrochuregp.client.android'

2022-06-28 13:41:06 - [TEST_STEP][PASSED] - delay(8): Delayed 8 second(s)

2022-06-28 13:41:14 - [MESSAGE][PASSED] - Delayed 8 second(s)

2022-06-28 13:41:14 - [TEST_STEP][PASSED] - element = findElement(findTestObject("DMS_FINA_Mobile/FINA_BottomNav_Account_Button"), 10): null

2022-06-28 13:41:16 - [TEST_STEP][PASSED] - element.click(): null

2022-06-28 13:41:16 - [TEST_STEP][PASSED] - setText(findTestObject("DMS_FINA_Mobile/FINA_Login/Login_Text"), findTestData("DMS_Asr_Cakpro").getObjectValue("Login", 24), 0): Text 'muhaimin@mailinator.com' has been set to element 'Object Repository/DMS_FINA_Mobile/FINA_Login/Login_Text'

2022-06-28 13:41:17 - [MESSAGE][WARNING] - Timeout '0' is invalid. Using default page load timeout: '30'

2022-06-28 13:41:18 - [MESSAGE][PASSED] - Text 'muhaimin@mailinator.com' has been set to element 'Object Repository/DMS_FINA_Mobile/FINA_Login/Login_Text'

2022-06-28 13:41:18 - [TEST_STEP][PASSED] - setText(findTestObject("DMS_FINA_Mobile/FINA_Login/Login_Password_Text"), findTestData("DMS_Asr_Cakpro").getObjectValue("Pass", 24), 0): Text '123abc' has been set to element 'Object Repository/DMS_FINA_Mobile/FINA_Login/Login_Password_Text'

2022-06-28 13:41:19 - [MESSAGE][WARNING] - Timeout '0' is invalid. Using default page load timeout: '30'

2022-06-28 13:41:20 - [MESSAGE][PASSED] - Text '123abc' has been set to element 'Object Repository/DMS_FINA_Mobile/FINA_Login/Login_Password_Text'

2022-06-28 13:41:20 - [TEST_STEP][PASSED] - takeScreenshotAsCheckpoint(baseDir + sspathasuransicakpro + "skenario-6.1-input username dan password" + ".png", STOP_ON_FAILURE): Screenshot is taken

2022-06-28 13:41:24 - [MESSAGE][INFO] - 0 hidden object(s)

2022-06-28 13:41:24 - [MESSAGE][PASSED] - Screenshot is taken
[[ATTACHMENT|C:\Users\Nia Yusniati\Git_Asa\katalon-fina\Screenshots\mobile\cakpro\keyes\keyes-skenario-6.1-input username dan password.png]]

2022-06-28 13:41:24 - [TEST_STEP][PASSED] - tap(findTestObject("DMS_FINA_Mobile/FINA_Login/FINA_Login_Button"), 0): Tapped on element 'Object Repository/DMS_FINA_Mobile/FINA_Login/FINA_Login_Button'

2022-06-28 13:41:24 - [MESSAGE][WARNING] - Timeout '0' is invalid. Using default page load timeout: '30'

2022-06-28 13:41:25 - [MESSAGE][PASSED] - Tapped on element 'Object Repository/DMS_FINA_Mobile/FINA_Login/FINA_Login_Button'

2022-06-28 13:41:25 - [TEST_STEP][PASSED] - delay(2, STOP_ON_FAILURE): Delayed 2 second(s)

2022-06-28 13:41:27 - [MESSAGE][PASSED] - Delayed 2 second(s)

2022-06-28 13:41:27 - [TEST_STEP][PASSED] - elementAccount = findElement(findTestObject("DMS_FINA_Mobile/FINA_BottomNav_Account_Button"), 10): null

2022-06-28 13:41:33 - [TEST_STEP][PASSED] - elementAccount.click(): null

2022-06-28 13:41:34 - [TEST_STEP][PASSED] - delay(2): Delayed 2 second(s)

2022-06-28 13:41:36 - [MESSAGE][PASSED] - Delayed 2 second(s)

2022-06-28 13:41:36 - [TEST_STEP][PASSED] - takeScreenshotAsCheckpoint(baseDir + sspathasuransicakpro + "skenario-6.2-berhasil login" + ".png", STOP_ON_FAILURE): Screenshot is taken

2022-06-28 13:41:37 - [MESSAGE][INFO] - 0 hidden object(s)

2022-06-28 13:41:38 - [MESSAGE][PASSED] - Screenshot is taken
[[ATTACHMENT|C:\Users\Nia Yusniati\Git_Asa\katalon-fina\Screenshots\mobile\cakpro\keyes\keyes-skenario-6.2-berhasil login.png]]

2022-06-28 13:41:38 - [TEST_STEP][PASSED] - elementHome = findElement(findTestObject("DMS_FINA_Mobile/FINA_BottomNav_Home_Button"), 10): null

2022-06-28 13:41:39 - [TEST_STEP][PASSED] - elementHome.click(): null]]></system-out>
         <system-err><![CDATA[]]></system-err>
      </testcase>
      <testcase name="Test Cases/DMS_Renewal dan Upgrade Asuransi Aswata/Matriks 6/6.4. Billing belum dibayar" time="111.726" classname="Test Cases/DMS_Renewal dan Upgrade Asuransi Aswata/Matriks 6/6.4. Billing belum dibayar" status="PASSED">
         <system-out><![CDATA[2022-06-28 13:41:39 - [TEST_CASE][PASSED] - Test Cases/DMS_Renewal dan Upgrade Asuransi Aswata/Matriks 6/6.4. Billing belum dibayar: Test Cases/DMS_Renewal dan Upgrade Asuransi Aswata/Matriks 6/6.4. Billing belum dibayar

2022-06-28 13:41:40 - [TEST_STEP][PASSED] - baseDir = System.getProperty("user.dir"): null

2022-06-28 13:41:40 - [TEST_STEP][PASSED] - startExistingApplication("com.vq.mbrochuregp.client.android", STOP_ON_FAILURE): Starting app with application ID: 'com.vq.mbrochuregp.client.android'

2022-06-28 13:41:50 - [MESSAGE][PASSED] - Starting app with application ID: 'com.vq.mbrochuregp.client.android'

2022-06-28 13:41:50 - [TEST_STEP][PASSED] - delay(8): Delayed 8 second(s)

2022-06-28 13:41:58 - [MESSAGE][PASSED] - Delayed 8 second(s)

2022-06-28 13:41:58 - [TEST_STEP][PASSED] - pressBack(): Press back button successfully

2022-06-28 13:41:59 - [MESSAGE][PASSED] - Press back button successfully

2022-06-28 13:41:59 - [TEST_STEP][PASSED] - tap(findTestObject("DMS_FINA_Mobile/FINA_Login/android.widget.Button - TIDAK"), 0): Tapped on element 'Object Repository/DMS_FINA_Mobile/FINA_Login/android.widget.Button - TIDAK'

2022-06-28 13:41:59 - [MESSAGE][WARNING] - Timeout '0' is invalid. Using default page load timeout: '30'

2022-06-28 13:42:01 - [MESSAGE][PASSED] - Tapped on element 'Object Repository/DMS_FINA_Mobile/FINA_Login/android.widget.Button - TIDAK'

2022-06-28 13:42:01 - [TEST_STEP][PASSED] - tap(findTestObject("DMS_FINA_Mobile/FINA_BottomNav_Billing_Button"), 0): Tapped on element 'Object Repository/DMS_FINA_Mobile/FINA_BottomNav_Billing_Button'

2022-06-28 13:42:01 - [MESSAGE][WARNING] - Timeout '0' is invalid. Using default page load timeout: '30'

2022-06-28 13:42:02 - [MESSAGE][PASSED] - Tapped on element 'Object Repository/DMS_FINA_Mobile/FINA_BottomNav_Billing_Button'

2022-06-28 13:42:02 - [TEST_STEP][PASSED] - delay(20): Delayed 20 second(s)

2022-06-28 13:42:22 - [MESSAGE][PASSED] - Delayed 20 second(s)

2022-06-28 13:42:22 - [TEST_STEP][PASSED] - takeScreenshotAsCheckpoint(baseDir + sspathasuransicakpro + "skenario-6.10-list billing belum dibayar" + ".png", STOP_ON_FAILURE): Screenshot is taken

2022-06-28 13:42:24 - [MESSAGE][INFO] - 0 hidden object(s)

2022-06-28 13:42:24 - [MESSAGE][PASSED] - Screenshot is taken
[[ATTACHMENT|C:\Users\Nia Yusniati\Git_Asa\katalon-fina\Screenshots\mobile\cakpro\keyes\keyes-skenario-6.10-list billing belum dibayar.png]]

2022-06-28 13:42:24 - [TEST_STEP][PASSED] - tap(findTestObject("DMS_FINA_Mobile/FINA_Billing/FINA_Billing_Sudah Dibayar"), 0): Tapped on element 'Object Repository/DMS_FINA_Mobile/FINA_Billing/FINA_Billing_Sudah Dibayar'

2022-06-28 13:42:24 - [MESSAGE][WARNING] - Timeout '0' is invalid. Using default page load timeout: '30'

2022-06-28 13:42:28 - [MESSAGE][PASSED] - Tapped on element 'Object Repository/DMS_FINA_Mobile/FINA_Billing/FINA_Billing_Sudah Dibayar'

2022-06-28 13:42:28 - [TEST_STEP][PASSED] - delay(2): Delayed 2 second(s)

2022-06-28 13:42:30 - [MESSAGE][PASSED] - Delayed 2 second(s)

2022-06-28 13:42:30 - [TEST_STEP][PASSED] - takeScreenshotAsCheckpoint(baseDir + sspathasuransicakpro + "skenario-6.11-list billing sudah dibayar" + ".png", STOP_ON_FAILURE): Screenshot is taken

2022-06-28 13:42:32 - [MESSAGE][INFO] - 0 hidden object(s)

2022-06-28 13:42:32 - [MESSAGE][PASSED] - Screenshot is taken
[[ATTACHMENT|C:\Users\Nia Yusniati\Git_Asa\katalon-fina\Screenshots\mobile\cakpro\keyes\keyes-skenario-6.11-list billing sudah dibayar.png]]

2022-06-28 13:42:32 - [TEST_STEP][PASSED] - tap(findTestObject("DMS_FINA_Mobile/FINA_Billing/FINA_Billing_Belum Dibayar"), 0): Tapped on element 'Object Repository/DMS_FINA_Mobile/FINA_Billing/FINA_Billing_Belum Dibayar'

2022-06-28 13:42:32 - [MESSAGE][WARNING] - Timeout '0' is invalid. Using default page load timeout: '30'

2022-06-28 13:42:36 - [MESSAGE][PASSED] - Tapped on element 'Object Repository/DMS_FINA_Mobile/FINA_Billing/FINA_Billing_Belum Dibayar'

2022-06-28 13:42:36 - [TEST_STEP][PASSED] - tap(findTestObject("DMS_FINA_Mobile/FINA_Billing/FINA_Billing_List1_Button"), 0): Tapped on element 'Object Repository/DMS_FINA_Mobile/FINA_Billing/FINA_Billing_List1_Button'

2022-06-28 13:42:36 - [MESSAGE][WARNING] - Timeout '0' is invalid. Using default page load timeout: '30'

2022-06-28 13:42:37 - [MESSAGE][PASSED] - Tapped on element 'Object Repository/DMS_FINA_Mobile/FINA_Billing/FINA_Billing_List1_Button'

2022-06-28 13:42:37 - [TEST_STEP][PASSED] - delay(20): Delayed 20 second(s)

2022-06-28 13:42:57 - [MESSAGE][PASSED] - Delayed 20 second(s)

2022-06-28 13:42:57 - [TEST_STEP][PASSED] - takeScreenshotAsCheckpoint(baseDir + sspathasuransicakpro + "skenario-6.12-detail billing belum dibayar" + ".png", STOP_ON_FAILURE): Screenshot is taken

2022-06-28 13:42:59 - [MESSAGE][INFO] - 0 hidden object(s)

2022-06-28 13:42:59 - [MESSAGE][PASSED] - Screenshot is taken
[[ATTACHMENT|C:\Users\Nia Yusniati\Git_Asa\katalon-fina\Screenshots\mobile\cakpro\keyes\keyes-skenario-6.12-detail billing belum dibayar.png]]

2022-06-28 13:42:59 - [TEST_STEP][PASSED] - tap(findTestObject("DMS_FINA_Mobile/FINA_Billing/FINA_Billing_Email_Button"), 0): Tapped on element 'Object Repository/DMS_FINA_Mobile/FINA_Billing/FINA_Billing_Email_Button'

2022-06-28 13:43:00 - [MESSAGE][WARNING] - Timeout '0' is invalid. Using default page load timeout: '30'

2022-06-28 13:43:02 - [MESSAGE][PASSED] - Tapped on element 'Object Repository/DMS_FINA_Mobile/FINA_Billing/FINA_Billing_Email_Button'

2022-06-28 13:43:02 - [TEST_STEP][PASSED] - delay(2): Delayed 2 second(s)

2022-06-28 13:43:04 - [MESSAGE][PASSED] - Delayed 2 second(s)

2022-06-28 13:43:04 - [TEST_STEP][PASSED] - takeScreenshotAsCheckpoint(baseDir + sspathasuransicakpro + "skenario-6.13-kirim email billing" + ".png", STOP_ON_FAILURE): Screenshot is taken

2022-06-28 13:43:06 - [MESSAGE][INFO] - 0 hidden object(s)

2022-06-28 13:43:06 - [MESSAGE][PASSED] - Screenshot is taken
[[ATTACHMENT|C:\Users\Nia Yusniati\Git_Asa\katalon-fina\Screenshots\mobile\cakpro\keyes\keyes-skenario-6.13-kirim email billing.png]]

2022-06-28 13:43:06 - [TEST_STEP][PASSED] - tap(findTestObject("DMS_FINA_Mobile/FINA_Billing/FINA_Billing_Kirim_email_Button"), 0): Tapped on element 'Object Repository/DMS_FINA_Mobile/FINA_Billing/FINA_Billing_Kirim_email_Button'

2022-06-28 13:43:07 - [MESSAGE][WARNING] - Timeout '0' is invalid. Using default page load timeout: '30'

2022-06-28 13:43:07 - [MESSAGE][PASSED] - Tapped on element 'Object Repository/DMS_FINA_Mobile/FINA_Billing/FINA_Billing_Kirim_email_Button'

2022-06-28 13:43:07 - [TEST_STEP][PASSED] - delay(9): Delayed 9 second(s)

2022-06-28 13:43:16 - [MESSAGE][PASSED] - Delayed 9 second(s)

2022-06-28 13:43:16 - [TEST_STEP][PASSED] - takeScreenshotAsCheckpoint(baseDir + sspathasuransicakpro + "skenario-6.14-dokumen terkirim" + ".png", STOP_ON_FAILURE): Screenshot is taken

2022-06-28 13:43:18 - [MESSAGE][INFO] - 0 hidden object(s)

2022-06-28 13:43:19 - [MESSAGE][PASSED] - Screenshot is taken
[[ATTACHMENT|C:\Users\Nia Yusniati\Git_Asa\katalon-fina\Screenshots\mobile\cakpro\keyes\keyes-skenario-6.14-dokumen terkirim.png]]

2022-06-28 13:43:19 - [TEST_STEP][NOT_RUN] - tap(findTestObject("DMS_FINA_Mobile/FINA_Billing/FINA_Billing_Download_Button"), 0): NOT_RUN: tap(findTestObject("DMS_FINA_Mobile/FINA_Billing/FINA_Billing_Download_Button"), 0)

2022-06-28 13:43:19 - [MESSAGE][NOT_RUN] - NOT_RUN: tap(findTestObject("DMS_FINA_Mobile/FINA_Billing/FINA_Billing_Download_Button"), 0)

2022-06-28 13:43:19 - [TEST_STEP][NOT_RUN] - delay(5): NOT_RUN: delay(5)

2022-06-28 13:43:19 - [MESSAGE][NOT_RUN] - NOT_RUN: delay(5)

2022-06-28 13:43:19 - [TEST_STEP][NOT_RUN] - takeScreenshotAsCheckpoint(baseDir + sspathasuransicakpro + "skenario-6.15-dokumen tersimpan" + ".png", STOP_ON_FAILURE): NOT_RUN: takeScreenshotAsCheckpoint(baseDir + sspathasuransicakpro + "skenario-6.15-dokumen tersimpan" + ".png", STOP_ON_FAILURE)

2022-06-28 13:43:19 - [MESSAGE][NOT_RUN] - NOT_RUN: takeScreenshotAsCheckpoint(baseDir + sspathasuransicakpro + "skenario-6.15-dokumen tersimpan" + ".png", STOP_ON_FAILURE)

2022-06-28 13:43:19 - [TEST_STEP][NOT_RUN] - tap(findTestObject("DMS_FINA_Mobile/FINA_Billing/android_Save Doc_Button"), 0): NOT_RUN: tap(findTestObject("DMS_FINA_Mobile/FINA_Billing/android_Save Doc_Button"), 0)

2022-06-28 13:43:19 - [MESSAGE][NOT_RUN] - NOT_RUN: tap(findTestObject("DMS_FINA_Mobile/FINA_Billing/android_Save Doc_Button"), 0)

2022-06-28 13:43:19 - [TEST_STEP][PASSED] - pressBack(): Press back button successfully

2022-06-28 13:43:20 - [MESSAGE][PASSED] - Press back button successfully

2022-06-28 13:43:20 - [TEST_STEP][PASSED] - pressBack(): Press back button successfully

2022-06-28 13:43:21 - [MESSAGE][PASSED] - Press back button successfully

2022-06-28 13:43:21 - [TEST_STEP][PASSED] - Account = findElement(findTestObject("Object Repository/DMS_FINA_Mobile/FINA_BottomNav_Account_Button"), 10): null

2022-06-28 13:43:25 - [TEST_STEP][PASSED] - Account.click(): null

2022-06-28 13:43:25 - [TEST_STEP][PASSED] - delay(5): Delayed 5 second(s)

2022-06-28 13:43:30 - [MESSAGE][PASSED] - Delayed 5 second(s)]]></system-out>
         <system-err><![CDATA[]]></system-err>
      </testcase>
      <system-out><![CDATA[2022-06-28 13:40:44 - [TEST_SUITE][PASSED] - 3. Login - cek billing: Test Cases/DMS_Renewal dan Upgrade Asuransi Aswata/Matriks 6/6.4. Billing belum dibayar]]></system-out>
      <system-err><![CDATA[]]></system-err>
   </testsuite>
</testsuites>
