<?xml version="1.0" encoding="UTF-8"?>
<testsuites name="3. Login - billing belum dibayar" time="157.794" tests="2" failures="0" errors="0">
   <testsuite name="3. Login - billing belum dibayar" tests="2" failures="0" errors="0" time="157.794" skipped="0" timestamp="2022-06-16 16:13:58" hostname="Nia Yusniati - Apandi.mshome.net" id="Test Suites/Upgrade - renewal FINA - Aswata/9.13/3. Login - billing belum dibayar">
      <properties>
[...]
</properties>
      <testcase name="Test Cases/DMS_Renewal dan Upgrade Asuransi Aswata/Matriks 9.13/13.1. Login - konsumen" time="50.38" classname="Test Cases/DMS_Renewal dan Upgrade Asuransi Aswata/Matriks 9.13/13.1. Login - konsumen" status="PASSED">
         <system-out><![CDATA[2022-06-16 16:13:59 - [TEST_CASE][PASSED] - Test Cases/DMS_Renewal dan Upgrade Asuransi Aswata/Matriks 9.13/13.1. Login - konsumen: Test Cases/DMS_Renewal dan Upgrade Asuransi Aswata/Matriks 9.13/13.1. Login - konsumen

2022-06-16 16:14:00 - [TEST_STEP][PASSED] - baseDir = System.getProperty("user.dir"): null

2022-06-16 16:14:00 - [TEST_STEP][PASSED] - startExistingApplication("com.vq.mbrochuregp.client.android", STOP_ON_FAILURE): Starting app with application ID: 'com.vq.mbrochuregp.client.android'

2022-06-16 16:14:04 - [MESSAGE][INFO] - Appium server started on port 61,056

2022-06-16 16:14:17 - [MESSAGE][PASSED] - Starting app with application ID: 'com.vq.mbrochuregp.client.android'

2022-06-16 16:14:17 - [TEST_STEP][PASSED] - delay(8): Delayed 8 second(s)

2022-06-16 16:14:25 - [MESSAGE][PASSED] - Delayed 8 second(s)

2022-06-16 16:14:25 - [TEST_STEP][PASSED] - element = findElement(findTestObject("DMS_FINA_Mobile/FINA_BottomNav_Account_Button"), 10): null

2022-06-16 16:14:26 - [TEST_STEP][PASSED] - element.click(): null

2022-06-16 16:14:26 - [TEST_STEP][PASSED] - setText(findTestObject("DMS_FINA_Mobile/FINA_Login/Login_Text"), findTestData("DMS_Asr_Cakpro").getObjectValue("Login", 58), 0): Text 'todoroki@mailinator.com' has been set to element 'Object Repository/DMS_FINA_Mobile/FINA_Login/Login_Text'

2022-06-16 16:14:27 - [MESSAGE][WARNING] - Timeout '0' is invalid. Using default page load timeout: '30'

2022-06-16 16:14:28 - [MESSAGE][PASSED] - Text 'todoroki@mailinator.com' has been set to element 'Object Repository/DMS_FINA_Mobile/FINA_Login/Login_Text'

2022-06-16 16:14:28 - [TEST_STEP][PASSED] - setText(findTestObject("DMS_FINA_Mobile/FINA_Login/Login_Password_Text"), findTestData("DMS_Asr_Cakpro").getObjectValue("Pass", 58), 0): Text '123abc' has been set to element 'Object Repository/DMS_FINA_Mobile/FINA_Login/Login_Password_Text'

2022-06-16 16:14:29 - [MESSAGE][WARNING] - Timeout '0' is invalid. Using default page load timeout: '30'

2022-06-16 16:14:30 - [MESSAGE][PASSED] - Text '123abc' has been set to element 'Object Repository/DMS_FINA_Mobile/FINA_Login/Login_Password_Text'

2022-06-16 16:14:30 - [TEST_STEP][PASSED] - takeScreenshotAsCheckpoint(baseDir + sspathasuransicakpro + "skenario-13.1-input username dan password" + ".png", STOP_ON_FAILURE): Screenshot is taken

2022-06-16 16:14:33 - [MESSAGE][INFO] - 0 hidden object(s)

2022-06-16 16:14:33 - [MESSAGE][PASSED] - Screenshot is taken
[[ATTACHMENT|C:\Users\Nia Yusniati\Git_Asa\katalon-fina\Screenshots\mobile\cakpro\keyes\keyes-skenario-13.1-input username dan password.png]]

2022-06-16 16:14:33 - [TEST_STEP][PASSED] - tap(findTestObject("DMS_FINA_Mobile/FINA_Login/FINA_Login_Button"), 0): Tapped on element 'Object Repository/DMS_FINA_Mobile/FINA_Login/FINA_Login_Button'

2022-06-16 16:14:33 - [MESSAGE][WARNING] - Timeout '0' is invalid. Using default page load timeout: '30'

2022-06-16 16:14:34 - [MESSAGE][PASSED] - Tapped on element 'Object Repository/DMS_FINA_Mobile/FINA_Login/FINA_Login_Button'

2022-06-16 16:14:34 - [TEST_STEP][PASSED] - delay(0, STOP_ON_FAILURE): Delayed 0 second(s)

2022-06-16 16:14:34 - [MESSAGE][PASSED] - Delayed 0 second(s)

2022-06-16 16:14:34 - [TEST_STEP][PASSED] - scrollToText("Suku Bunga", STOP_ON_FAILURE): Scrolling to text 'Suku Bunga' successfully

2022-06-16 16:14:44 - [MESSAGE][PASSED] - Scrolling to text 'Suku Bunga' successfully

2022-06-16 16:14:44 - [TEST_STEP][PASSED] - elementAccount = findElement(findTestObject("DMS_FINA_Mobile/FINA_BottomNav_Account_Button"), 10): null

2022-06-16 16:14:44 - [TEST_STEP][PASSED] - elementAccount.click(): null

2022-06-16 16:14:44 - [TEST_STEP][PASSED] - delay(2): Delayed 2 second(s)

2022-06-16 16:14:47 - [MESSAGE][PASSED] - Delayed 2 second(s)

2022-06-16 16:14:47 - [TEST_STEP][PASSED] - takeScreenshotAsCheckpoint(baseDir + sspathasuransicakpro + "skenario-13.2-berhasil login" + ".png", STOP_ON_FAILURE): Screenshot is taken

2022-06-16 16:14:48 - [MESSAGE][INFO] - 0 hidden object(s)

2022-06-16 16:14:48 - [MESSAGE][PASSED] - Screenshot is taken
[[ATTACHMENT|C:\Users\Nia Yusniati\Git_Asa\katalon-fina\Screenshots\mobile\cakpro\keyes\keyes-skenario-13.2-berhasil login.png]]

2022-06-16 16:14:48 - [TEST_STEP][PASSED] - elementHome = findElement(findTestObject("DMS_FINA_Mobile/FINA_BottomNav_Home_Button"), 10): null

2022-06-16 16:14:49 - [TEST_STEP][PASSED] - elementHome.click(): null]]></system-out>
         <system-err><![CDATA[]]></system-err>
      </testcase>
      <testcase name="Test Cases/DMS_Renewal dan Upgrade Asuransi Aswata/Matriks 9.13/13.4. Billing belum dibayar" time="105.664" classname="Test Cases/DMS_Renewal dan Upgrade Asuransi Aswata/Matriks 9.13/13.4. Billing belum dibayar" status="PASSED">
         <system-out><![CDATA[2022-06-16 16:14:49 - [TEST_CASE][PASSED] - Test Cases/DMS_Renewal dan Upgrade Asuransi Aswata/Matriks 9.13/13.4. Billing belum dibayar: Test Cases/DMS_Renewal dan Upgrade Asuransi Aswata/Matriks 9.13/13.4. Billing belum dibayar

2022-06-16 16:14:50 - [TEST_STEP][PASSED] - baseDir = System.getProperty("user.dir"): null

2022-06-16 16:14:50 - [TEST_STEP][PASSED] - startExistingApplication("com.vq.mbrochuregp.client.android", STOP_ON_FAILURE): Starting app with application ID: 'com.vq.mbrochuregp.client.android'

2022-06-16 16:15:00 - [MESSAGE][PASSED] - Starting app with application ID: 'com.vq.mbrochuregp.client.android'

2022-06-16 16:15:00 - [TEST_STEP][PASSED] - delay(8): Delayed 8 second(s)

2022-06-16 16:15:08 - [MESSAGE][PASSED] - Delayed 8 second(s)

2022-06-16 16:15:08 - [TEST_STEP][PASSED] - pressBack(): Press back button successfully

2022-06-16 16:15:08 - [MESSAGE][PASSED] - Press back button successfully

2022-06-16 16:15:08 - [TEST_STEP][PASSED] - tap(findTestObject("DMS_FINA_Mobile/FINA_Login/android.widget.Button - TIDAK"), 0): Tapped on element 'Object Repository/DMS_FINA_Mobile/FINA_Login/android.widget.Button - TIDAK'

2022-06-16 16:15:08 - [MESSAGE][WARNING] - Timeout '0' is invalid. Using default page load timeout: '30'

2022-06-16 16:15:11 - [MESSAGE][PASSED] - Tapped on element 'Object Repository/DMS_FINA_Mobile/FINA_Login/android.widget.Button - TIDAK'

2022-06-16 16:15:11 - [TEST_STEP][PASSED] - tap(findTestObject("DMS_FINA_Mobile/FINA_BottomNav_Billing_Button"), 0): Tapped on element 'Object Repository/DMS_FINA_Mobile/FINA_BottomNav_Billing_Button'

2022-06-16 16:15:11 - [MESSAGE][WARNING] - Timeout '0' is invalid. Using default page load timeout: '30'

2022-06-16 16:15:13 - [MESSAGE][PASSED] - Tapped on element 'Object Repository/DMS_FINA_Mobile/FINA_BottomNav_Billing_Button'

2022-06-16 16:15:13 - [TEST_STEP][PASSED] - delay(20): Delayed 20 second(s)

2022-06-16 16:15:33 - [MESSAGE][PASSED] - Delayed 20 second(s)

2022-06-16 16:15:33 - [TEST_STEP][PASSED] - takeScreenshotAsCheckpoint(baseDir + sspathasuransicakpro + "skenario-13.10-list billing belum dibayar" + ".png", STOP_ON_FAILURE): Screenshot is taken

2022-06-16 16:15:35 - [MESSAGE][INFO] - 0 hidden object(s)

2022-06-16 16:15:35 - [MESSAGE][PASSED] - Screenshot is taken
[[ATTACHMENT|C:\Users\Nia Yusniati\Git_Asa\katalon-fina\Screenshots\mobile\cakpro\keyes\keyes-skenario-13.10-list billing belum dibayar.png]]

2022-06-16 16:15:35 - [TEST_STEP][PASSED] - tap(findTestObject("DMS_FINA_Mobile/FINA_Billing/FINA_Billing_Sudah Dibayar"), 0): Tapped on element 'Object Repository/DMS_FINA_Mobile/FINA_Billing/FINA_Billing_Sudah Dibayar'

2022-06-16 16:15:35 - [MESSAGE][WARNING] - Timeout '0' is invalid. Using default page load timeout: '30'

2022-06-16 16:15:38 - [MESSAGE][PASSED] - Tapped on element 'Object Repository/DMS_FINA_Mobile/FINA_Billing/FINA_Billing_Sudah Dibayar'

2022-06-16 16:15:38 - [TEST_STEP][PASSED] - delay(2): Delayed 2 second(s)

2022-06-16 16:15:40 - [MESSAGE][PASSED] - Delayed 2 second(s)

2022-06-16 16:15:40 - [TEST_STEP][PASSED] - takeScreenshotAsCheckpoint(baseDir + sspathasuransicakpro + "skenario-13.11-list billing sudah dibayar" + ".png", STOP_ON_FAILURE): Screenshot is taken

2022-06-16 16:15:41 - [MESSAGE][INFO] - 0 hidden object(s)

2022-06-16 16:15:41 - [MESSAGE][PASSED] - Screenshot is taken
[[ATTACHMENT|C:\Users\Nia Yusniati\Git_Asa\katalon-fina\Screenshots\mobile\cakpro\keyes\keyes-skenario-13.11-list billing sudah dibayar.png]]

2022-06-16 16:15:41 - [TEST_STEP][PASSED] - tap(findTestObject("DMS_FINA_Mobile/FINA_Billing/FINA_Billing_Belum Dibayar"), 0): Tapped on element 'Object Repository/DMS_FINA_Mobile/FINA_Billing/FINA_Billing_Belum Dibayar'

2022-06-16 16:15:42 - [MESSAGE][WARNING] - Timeout '0' is invalid. Using default page load timeout: '30'

2022-06-16 16:15:43 - [MESSAGE][PASSED] - Tapped on element 'Object Repository/DMS_FINA_Mobile/FINA_Billing/FINA_Billing_Belum Dibayar'

2022-06-16 16:15:43 - [TEST_STEP][PASSED] - tap(findTestObject("DMS_FINA_Mobile/FINA_Billing/FINA_Billing_List1_Button"), 0): Tapped on element 'Object Repository/DMS_FINA_Mobile/FINA_Billing/FINA_Billing_List1_Button'

2022-06-16 16:15:43 - [MESSAGE][WARNING] - Timeout '0' is invalid. Using default page load timeout: '30'

2022-06-16 16:15:45 - [MESSAGE][PASSED] - Tapped on element 'Object Repository/DMS_FINA_Mobile/FINA_Billing/FINA_Billing_List1_Button'

2022-06-16 16:15:45 - [TEST_STEP][PASSED] - delay(20): Delayed 20 second(s)

2022-06-16 16:16:05 - [MESSAGE][PASSED] - Delayed 20 second(s)

2022-06-16 16:16:05 - [TEST_STEP][PASSED] - takeScreenshotAsCheckpoint(baseDir + sspathasuransicakpro + "skenario-13.12-detail billing belum dibayar" + ".png", STOP_ON_FAILURE): Screenshot is taken

2022-06-16 16:16:06 - [MESSAGE][INFO] - 0 hidden object(s)

2022-06-16 16:16:06 - [MESSAGE][PASSED] - Screenshot is taken
[[ATTACHMENT|C:\Users\Nia Yusniati\Git_Asa\katalon-fina\Screenshots\mobile\cakpro\keyes\keyes-skenario-13.12-detail billing belum dibayar.png]]

2022-06-16 16:16:06 - [TEST_STEP][PASSED] - tap(findTestObject("DMS_FINA_Mobile/FINA_Billing/FINA_Billing_Email_Button"), 0): Tapped on element 'Object Repository/DMS_FINA_Mobile/FINA_Billing/FINA_Billing_Email_Button'

2022-06-16 16:16:06 - [MESSAGE][WARNING] - Timeout '0' is invalid. Using default page load timeout: '30'

2022-06-16 16:16:08 - [MESSAGE][PASSED] - Tapped on element 'Object Repository/DMS_FINA_Mobile/FINA_Billing/FINA_Billing_Email_Button'

2022-06-16 16:16:08 - [TEST_STEP][PASSED] - delay(2): Delayed 2 second(s)

2022-06-16 16:16:10 - [MESSAGE][PASSED] - Delayed 2 second(s)

2022-06-16 16:16:10 - [TEST_STEP][PASSED] - takeScreenshotAsCheckpoint(baseDir + sspathasuransicakpro + "skenario-13.13-kirim email billing" + ".png", STOP_ON_FAILURE): Screenshot is taken

2022-06-16 16:16:11 - [MESSAGE][INFO] - 0 hidden object(s)

2022-06-16 16:16:12 - [MESSAGE][PASSED] - Screenshot is taken
[[ATTACHMENT|C:\Users\Nia Yusniati\Git_Asa\katalon-fina\Screenshots\mobile\cakpro\keyes\keyes-skenario-13.13-kirim email billing.png]]

2022-06-16 16:16:12 - [TEST_STEP][PASSED] - tap(findTestObject("DMS_FINA_Mobile/FINA_Billing/FINA_Billing_Kirim_email_Button"), 0): Tapped on element 'Object Repository/DMS_FINA_Mobile/FINA_Billing/FINA_Billing_Kirim_email_Button'

2022-06-16 16:16:12 - [MESSAGE][WARNING] - Timeout '0' is invalid. Using default page load timeout: '30'

2022-06-16 16:16:12 - [MESSAGE][PASSED] - Tapped on element 'Object Repository/DMS_FINA_Mobile/FINA_Billing/FINA_Billing_Kirim_email_Button'

2022-06-16 16:16:12 - [TEST_STEP][PASSED] - delay(9): Delayed 9 second(s)

2022-06-16 16:16:21 - [MESSAGE][PASSED] - Delayed 9 second(s)

2022-06-16 16:16:21 - [TEST_STEP][PASSED] - takeScreenshotAsCheckpoint(baseDir + sspathasuransicakpro + "skenario-13.14-dokumen terkirim" + ".png", STOP_ON_FAILURE): Screenshot is taken

2022-06-16 16:16:23 - [MESSAGE][INFO] - 0 hidden object(s)

2022-06-16 16:16:23 - [MESSAGE][PASSED] - Screenshot is taken
[[ATTACHMENT|C:\Users\Nia Yusniati\Git_Asa\katalon-fina\Screenshots\mobile\cakpro\keyes\keyes-skenario-13.14-dokumen terkirim.png]]

2022-06-16 16:16:23 - [TEST_STEP][NOT_RUN] - tap(findTestObject("DMS_FINA_Mobile/FINA_Billing/FINA_Billing_Download_Button"), 0): NOT_RUN: tap(findTestObject("DMS_FINA_Mobile/FINA_Billing/FINA_Billing_Download_Button"), 0)

2022-06-16 16:16:23 - [MESSAGE][NOT_RUN] - NOT_RUN: tap(findTestObject("DMS_FINA_Mobile/FINA_Billing/FINA_Billing_Download_Button"), 0)

2022-06-16 16:16:23 - [TEST_STEP][NOT_RUN] - delay(5): NOT_RUN: delay(5)

2022-06-16 16:16:23 - [MESSAGE][NOT_RUN] - NOT_RUN: delay(5)

2022-06-16 16:16:23 - [TEST_STEP][NOT_RUN] - takeScreenshotAsCheckpoint(baseDir + sspathasuransicakpro + "skenario-13.15-dokumen tersimpan" + ".png", STOP_ON_FAILURE): NOT_RUN: takeScreenshotAsCheckpoint(baseDir + sspathasuransicakpro + "skenario-13.15-dokumen tersimpan" + ".png", STOP_ON_FAILURE)

2022-06-16 16:16:23 - [MESSAGE][NOT_RUN] - NOT_RUN: takeScreenshotAsCheckpoint(baseDir + sspathasuransicakpro + "skenario-13.15-dokumen tersimpan" + ".png", STOP_ON_FAILURE)

2022-06-16 16:16:23 - [TEST_STEP][NOT_RUN] - tap(findTestObject("DMS_FINA_Mobile/FINA_Billing/android_Save Doc_Button"), 0): NOT_RUN: tap(findTestObject("DMS_FINA_Mobile/FINA_Billing/android_Save Doc_Button"), 0)

2022-06-16 16:16:23 - [MESSAGE][NOT_RUN] - NOT_RUN: tap(findTestObject("DMS_FINA_Mobile/FINA_Billing/android_Save Doc_Button"), 0)

2022-06-16 16:16:23 - [TEST_STEP][PASSED] - pressBack(): Press back button successfully

2022-06-16 16:16:24 - [MESSAGE][PASSED] - Press back button successfully

2022-06-16 16:16:24 - [TEST_STEP][PASSED] - pressBack(): Press back button successfully

2022-06-16 16:16:25 - [MESSAGE][PASSED] - Press back button successfully

2022-06-16 16:16:25 - [TEST_STEP][PASSED] - Account = findElement(findTestObject("Object Repository/DMS_FINA_Mobile/FINA_BottomNav_Account_Button"), 10): null

2022-06-16 16:16:29 - [TEST_STEP][PASSED] - Account.click(): null

2022-06-16 16:16:30 - [TEST_STEP][PASSED] - delay(5): Delayed 5 second(s)

2022-06-16 16:16:35 - [MESSAGE][PASSED] - Delayed 5 second(s)]]></system-out>
         <system-err><![CDATA[]]></system-err>
      </testcase>
      <system-out><![CDATA[2022-06-16 16:13:58 - [TEST_SUITE][PASSED] - 3. Login - billing belum dibayar: Test Cases/DMS_Renewal dan Upgrade Asuransi Aswata/Matriks 9.13/13.4. Billing belum dibayar]]></system-out>
      <system-err><![CDATA[]]></system-err>
   </testsuite>
</testsuites>
