<?xml version="1.0" encoding="UTF-8"?>
<testsuites name="Tracking (1 - 7 )" time="815.32" tests="14" failures="0" errors="0">
   <testsuite name="Tracking (1 - 7 )" tests="14" failures="0" errors="0" time="815.32" skipped="0" timestamp="2022-06-28 15:37:31" hostname="Nia Yusniati - 192.168.137.70" id="Test Suites/Upgrade - renewal FINA - Aswata/Tracking Aswata/Tracking (1 - 7 )">
      <properties>
[...]
</properties>
      <testcase name="Test Cases/DMS_Renewal dan Upgrade Asuransi Aswata/Matriks 1/1.1. Login - konsumen" time="55.028" classname="Test Cases/DMS_Renewal dan Upgrade Asuransi Aswata/Matriks 1/1.1. Login - konsumen" status="PASSED">
         <system-out><![CDATA[2022-06-28 15:37:32 - [TEST_CASE][PASSED] - Test Cases/DMS_Renewal dan Upgrade Asuransi Aswata/Matriks 1/1.1. Login - konsumen: Test Cases/DMS_Renewal dan Upgrade Asuransi Aswata/Matriks 1/1.1. Login - konsumen

2022-06-28 15:37:33 - [TEST_STEP][PASSED] - baseDir = System.getProperty("user.dir"): null

2022-06-28 15:37:33 - [TEST_STEP][PASSED] - startExistingApplication("com.vq.mbrochuregp.client.android", STOP_ON_FAILURE): Starting app with application ID: 'com.vq.mbrochuregp.client.android'

2022-06-28 15:37:37 - [MESSAGE][INFO] - Appium server started on port 63,692

2022-06-28 15:37:52 - [MESSAGE][PASSED] - Starting app with application ID: 'com.vq.mbrochuregp.client.android'

2022-06-28 15:37:52 - [TEST_STEP][PASSED] - delay(8): Delayed 8 second(s)

2022-06-28 15:38:00 - [MESSAGE][PASSED] - Delayed 8 second(s)

2022-06-28 15:38:00 - [TEST_STEP][PASSED] - setText(findTestObject("DMS_FINA_Mobile/test/android.widget.EditText - Email"), findTestData("DMS_Asr_Cakpro").getObjectValue("Login", 1), 0): Text 'lisharyani@mailinator.com' has been set to element 'Object Repository/DMS_FINA_Mobile/test/android.widget.EditText - Email'

2022-06-28 15:38:02 - [MESSAGE][WARNING] - Timeout '0' is invalid. Using default page load timeout: '30'

2022-06-28 15:38:04 - [MESSAGE][PASSED] - Text 'lisharyani@mailinator.com' has been set to element 'Object Repository/DMS_FINA_Mobile/test/android.widget.EditText - Email'

2022-06-28 15:38:04 - [TEST_STEP][PASSED] - setText(findTestObject("DMS_FINA_Mobile/test/android.widget.EditText - Password"), findTestData("DMS_Asr_Cakpro").getObjectValue("Pass", 1), 0): Text '123abc' has been set to element 'Object Repository/DMS_FINA_Mobile/test/android.widget.EditText - Password'

2022-06-28 15:38:04 - [MESSAGE][WARNING] - Timeout '0' is invalid. Using default page load timeout: '30'

2022-06-28 15:38:06 - [MESSAGE][PASSED] - Text '123abc' has been set to element 'Object Repository/DMS_FINA_Mobile/test/android.widget.EditText - Password'

2022-06-28 15:38:06 - [TEST_STEP][PASSED] - takeScreenshotAsCheckpoint(baseDir + sspathasuransicakpro + "skenario-1.1-input username dan password" + ".png", STOP_ON_FAILURE): Screenshot is taken

2022-06-28 15:38:08 - [MESSAGE][INFO] - 0 hidden object(s)

2022-06-28 15:38:09 - [MESSAGE][PASSED] - Screenshot is taken
[[ATTACHMENT|C:\Users\Nia Yusniati\Git_Asa\katalon-fina\Screenshots\mobile\cakpro\keyes\keyes-skenario-1.1-input username dan password.png]]

2022-06-28 15:38:09 - [TEST_STEP][PASSED] - tap(findTestObject("DMS_FINA_Mobile/FINA_Login/FINA_Login_Button"), 0): Tapped on element 'Object Repository/DMS_FINA_Mobile/FINA_Login/FINA_Login_Button'

2022-06-28 15:38:09 - [MESSAGE][WARNING] - Timeout '0' is invalid. Using default page load timeout: '30'

2022-06-28 15:38:09 - [MESSAGE][PASSED] - Tapped on element 'Object Repository/DMS_FINA_Mobile/FINA_Login/FINA_Login_Button'

2022-06-28 15:38:09 - [TEST_STEP][PASSED] - delay(9): Delayed 9 second(s)

2022-06-28 15:38:18 - [MESSAGE][PASSED] - Delayed 9 second(s)

2022-06-28 15:38:18 - [TEST_STEP][PASSED] - elementAccount = findElement(findTestObject("DMS_FINA_Mobile/FINA_BottomNav_Account_Button"), 10): null

2022-06-28 15:38:22 - [TEST_STEP][PASSED] - elementAccount.click(): null

2022-06-28 15:38:22 - [TEST_STEP][PASSED] - delay(2): Delayed 2 second(s)

2022-06-28 15:38:24 - [MESSAGE][PASSED] - Delayed 2 second(s)

2022-06-28 15:38:24 - [TEST_STEP][PASSED] - takeScreenshotAsCheckpoint(baseDir + sspathasuransicakpro + "skenario-1.2-berhasil login" + ".png", STOP_ON_FAILURE): Screenshot is taken

2022-06-28 15:38:26 - [MESSAGE][INFO] - 0 hidden object(s)

2022-06-28 15:38:26 - [MESSAGE][PASSED] - Screenshot is taken
[[ATTACHMENT|C:\Users\Nia Yusniati\Git_Asa\katalon-fina\Screenshots\mobile\cakpro\keyes\keyes-skenario-1.2-berhasil login.png]]

2022-06-28 15:38:26 - [TEST_STEP][PASSED] - elementHome = findElement(findTestObject("DMS_FINA_Mobile/FINA_BottomNav_Home_Button"), 10): null

2022-06-28 15:38:27 - [TEST_STEP][PASSED] - elementHome.click(): null]]></system-out>
         <system-err><![CDATA[]]></system-err>
      </testcase>
      <testcase name="Test Cases/DMS_Renewal dan Upgrade Asuransi Aswata/Matriks 1/1.3. Tracking Pengajuan" time="73.349" classname="Test Cases/DMS_Renewal dan Upgrade Asuransi Aswata/Matriks 1/1.3. Tracking Pengajuan" status="PASSED">
         <system-out><![CDATA[2022-06-28 15:38:27 - [TEST_CASE][PASSED] - Test Cases/DMS_Renewal dan Upgrade Asuransi Aswata/Matriks 1/1.3. Tracking Pengajuan: Test Cases/DMS_Renewal dan Upgrade Asuransi Aswata/Matriks 1/1.3. Tracking Pengajuan

2022-06-28 15:38:28 - [TEST_STEP][PASSED] - baseDir = System.getProperty("user.dir"): null

2022-06-28 15:38:28 - [TEST_STEP][PASSED] - startExistingApplication("com.vq.mbrochuregp.client.android", STOP_ON_FAILURE): Starting app with application ID: 'com.vq.mbrochuregp.client.android'

2022-06-28 15:38:38 - [MESSAGE][PASSED] - Starting app with application ID: 'com.vq.mbrochuregp.client.android'

2022-06-28 15:38:38 - [TEST_STEP][PASSED] - delay(8): Delayed 8 second(s)

2022-06-28 15:38:46 - [MESSAGE][PASSED] - Delayed 8 second(s)

2022-06-28 15:38:46 - [TEST_STEP][PASSED] - pressBack(): Press back button successfully

2022-06-28 15:38:47 - [MESSAGE][PASSED] - Press back button successfully

2022-06-28 15:38:47 - [TEST_STEP][PASSED] - tap(findTestObject("DMS_FINA_Mobile/FINA_Login/android.widget.Button - TIDAK"), 0): Tapped on element 'Object Repository/DMS_FINA_Mobile/FINA_Login/android.widget.Button - TIDAK'

2022-06-28 15:38:47 - [MESSAGE][WARNING] - Timeout '0' is invalid. Using default page load timeout: '30'

2022-06-28 15:38:49 - [MESSAGE][PASSED] - Tapped on element 'Object Repository/DMS_FINA_Mobile/FINA_Login/android.widget.Button - TIDAK'

2022-06-28 15:38:49 - [TEST_STEP][PASSED] - tap(findTestObject("DMS_FINA_Mobile/FINA_Mobile_Main Menu/FINA_Menu_More_Button"), 0): Tapped on element 'Object Repository/DMS_FINA_Mobile/FINA_Mobile_Main Menu/FINA_Menu_More_Button'

2022-06-28 15:38:49 - [MESSAGE][WARNING] - Timeout '0' is invalid. Using default page load timeout: '30'

2022-06-28 15:38:49 - [MESSAGE][PASSED] - Tapped on element 'Object Repository/DMS_FINA_Mobile/FINA_Mobile_Main Menu/FINA_Menu_More_Button'

2022-06-28 15:38:49 - [TEST_STEP][PASSED] - tap(findTestObject("APN_Fina New Versi/More/Tracking/Fina_Menu_More_Tracking"), 0): Tapped on element 'Object Repository/APN_Fina New Versi/More/Tracking/Fina_Menu_More_Tracking'

2022-06-28 15:38:50 - [MESSAGE][WARNING] - Timeout '0' is invalid. Using default page load timeout: '30'

2022-06-28 15:38:51 - [MESSAGE][PASSED] - Tapped on element 'Object Repository/APN_Fina New Versi/More/Tracking/Fina_Menu_More_Tracking'

2022-06-28 15:38:51 - [TEST_STEP][PASSED] - delay(15): Delayed 15 second(s)

2022-06-28 15:39:06 - [MESSAGE][PASSED] - Delayed 15 second(s)

2022-06-28 15:39:06 - [TEST_STEP][PASSED] - takeScreenshotAsCheckpoint(baseDir + sspathasuransicakpro + "skenario-1.8-list pengajuan" + ".png", STOP_ON_FAILURE): Screenshot is taken

2022-06-28 15:39:08 - [MESSAGE][INFO] - 0 hidden object(s)

2022-06-28 15:39:08 - [MESSAGE][PASSED] - Screenshot is taken
[[ATTACHMENT|C:\Users\Nia Yusniati\Git_Asa\katalon-fina\Screenshots\mobile\cakpro\keyes\keyes-skenario-1.8-list pengajuan.png]]

2022-06-28 15:39:08 - [TEST_STEP][PASSED] - tap(findTestObject("APN_Fina New Versi/More/Tracking/Fina_Menu_More_Tracking_ListData1"), 0): Tapped on element 'Object Repository/APN_Fina New Versi/More/Tracking/Fina_Menu_More_Tracking_ListData1'

2022-06-28 15:39:08 - [MESSAGE][WARNING] - Timeout '0' is invalid. Using default page load timeout: '30'

2022-06-28 15:39:09 - [MESSAGE][PASSED] - Tapped on element 'Object Repository/APN_Fina New Versi/More/Tracking/Fina_Menu_More_Tracking_ListData1'

2022-06-28 15:39:09 - [TEST_STEP][PASSED] - delay(15): Delayed 15 second(s)

2022-06-28 15:39:24 - [MESSAGE][PASSED] - Delayed 15 second(s)

2022-06-28 15:39:24 - [TEST_STEP][PASSED] - takeScreenshotAsCheckpoint(baseDir + sspathasuransicakpro + "skenario-1.9-detail pengajuan" + ".png", STOP_ON_FAILURE): Screenshot is taken

2022-06-28 15:39:26 - [MESSAGE][INFO] - 0 hidden object(s)

2022-06-28 15:39:26 - [MESSAGE][PASSED] - Screenshot is taken
[[ATTACHMENT|C:\Users\Nia Yusniati\Git_Asa\katalon-fina\Screenshots\mobile\cakpro\keyes\keyes-skenario-1.9-detail pengajuan.png]]

2022-06-28 15:39:26 - [TEST_STEP][PASSED] - pressBack(): Press back button successfully

2022-06-28 15:39:27 - [MESSAGE][PASSED] - Press back button successfully

2022-06-28 15:39:27 - [TEST_STEP][PASSED] - pressBack(): Press back button successfully

2022-06-28 15:39:28 - [MESSAGE][PASSED] - Press back button successfully

2022-06-28 15:39:28 - [TEST_STEP][PASSED] - pressBack(): Press back button successfully

2022-06-28 15:39:29 - [MESSAGE][PASSED] - Press back button successfully

2022-06-28 15:39:29 - [TEST_STEP][PASSED] - Account = findElement(findTestObject("Object Repository/DMS_FINA_Mobile/FINA_BottomNav_Account_Button"), 10): null

2022-06-28 15:39:30 - [TEST_STEP][PASSED] - Account.click(): null

2022-06-28 15:39:30 - [TEST_STEP][PASSED] - delay(10): Delayed 10 second(s)

2022-06-28 15:39:40 - [MESSAGE][PASSED] - Delayed 10 second(s)]]></system-out>
         <system-err><![CDATA[]]></system-err>
      </testcase>
      <testcase name="Test Cases/DMS_Renewal dan Upgrade Asuransi Aswata/Matriks 2/2.1. Login - konsumen" time="42.661" classname="Test Cases/DMS_Renewal dan Upgrade Asuransi Aswata/Matriks 2/2.1. Login - konsumen" status="PASSED">
         <system-out><![CDATA[2022-06-28 15:39:40 - [TEST_CASE][PASSED] - Test Cases/DMS_Renewal dan Upgrade Asuransi Aswata/Matriks 2/2.1. Login - konsumen: Test Cases/DMS_Renewal dan Upgrade Asuransi Aswata/Matriks 2/2.1. Login - konsumen

2022-06-28 15:39:41 - [TEST_STEP][PASSED] - baseDir = System.getProperty("user.dir"): null

2022-06-28 15:39:41 - [TEST_STEP][PASSED] - startExistingApplication("com.vq.mbrochuregp.client.android", STOP_ON_FAILURE): Starting app with application ID: 'com.vq.mbrochuregp.client.android'

2022-06-28 15:39:52 - [MESSAGE][PASSED] - Starting app with application ID: 'com.vq.mbrochuregp.client.android'

2022-06-28 15:39:52 - [TEST_STEP][PASSED] - delay(8): Delayed 8 second(s)

2022-06-28 15:40:00 - [MESSAGE][PASSED] - Delayed 8 second(s)

2022-06-28 15:40:00 - [TEST_STEP][PASSED] - delay(2): Delayed 2 second(s)

2022-06-28 15:40:02 - [MESSAGE][PASSED] - Delayed 2 second(s)

2022-06-28 15:40:02 - [TEST_STEP][PASSED] - element = findElement(findTestObject("DMS_FINA_Mobile/FINA_BottomNav_Account_Button"), 10): null

2022-06-28 15:40:05 - [TEST_STEP][PASSED] - element.click(): null

2022-06-28 15:40:05 - [TEST_STEP][PASSED] - setText(findTestObject("DMS_FINA_Mobile/FINA_Login/Login_Text"), findTestData("DMS_Asr_Cakpro").getObjectValue("Login", 7), 0): Text 'rizal@mailinator.com' has been set to element 'Object Repository/DMS_FINA_Mobile/FINA_Login/Login_Text'

2022-06-28 15:40:05 - [MESSAGE][WARNING] - Timeout '0' is invalid. Using default page load timeout: '30'

2022-06-28 15:40:07 - [MESSAGE][PASSED] - Text 'rizal@mailinator.com' has been set to element 'Object Repository/DMS_FINA_Mobile/FINA_Login/Login_Text'

2022-06-28 15:40:07 - [TEST_STEP][PASSED] - setText(findTestObject("DMS_FINA_Mobile/FINA_Login/Login_Password_Text"), findTestData("DMS_Asr_Cakpro").getObjectValue("Pass", 7), 0): Text '123abc' has been set to element 'Object Repository/DMS_FINA_Mobile/FINA_Login/Login_Password_Text'

2022-06-28 15:40:07 - [MESSAGE][WARNING] - Timeout '0' is invalid. Using default page load timeout: '30'

2022-06-28 15:40:08 - [MESSAGE][PASSED] - Text '123abc' has been set to element 'Object Repository/DMS_FINA_Mobile/FINA_Login/Login_Password_Text'

2022-06-28 15:40:08 - [TEST_STEP][PASSED] - takeScreenshotAsCheckpoint(baseDir + sspathasuransicakpro + "skenario-2.1-input username dan password" + ".png", STOP_ON_FAILURE): Screenshot is taken

2022-06-28 15:40:10 - [MESSAGE][INFO] - 0 hidden object(s)

2022-06-28 15:40:10 - [MESSAGE][PASSED] - Screenshot is taken
[[ATTACHMENT|C:\Users\Nia Yusniati\Git_Asa\katalon-fina\Screenshots\mobile\cakpro\keyes\keyes-skenario-2.1-input username dan password.png]]

2022-06-28 15:40:10 - [TEST_STEP][PASSED] - tap(findTestObject("DMS_FINA_Mobile/FINA_Login/FINA_Login_Button"), 0): Tapped on element 'Object Repository/DMS_FINA_Mobile/FINA_Login/FINA_Login_Button'

2022-06-28 15:40:10 - [MESSAGE][WARNING] - Timeout '0' is invalid. Using default page load timeout: '30'

2022-06-28 15:40:12 - [MESSAGE][PASSED] - Tapped on element 'Object Repository/DMS_FINA_Mobile/FINA_Login/FINA_Login_Button'

2022-06-28 15:40:12 - [TEST_STEP][PASSED] - delay(5, STOP_ON_FAILURE): Delayed 5 second(s)

2022-06-28 15:40:17 - [MESSAGE][PASSED] - Delayed 5 second(s)

2022-06-28 15:40:17 - [TEST_STEP][PASSED] - elementAccount = findElement(findTestObject("DMS_FINA_Mobile/FINA_BottomNav_Account_Button"), 10): null

2022-06-28 15:40:20 - [TEST_STEP][PASSED] - elementAccount.click(): null

2022-06-28 15:40:20 - [TEST_STEP][PASSED] - takeScreenshotAsCheckpoint(baseDir + sspathasuransicakpro + "skenario-2.2-berhasil login" + ".png", STOP_ON_FAILURE): Screenshot is taken

2022-06-28 15:40:22 - [MESSAGE][INFO] - 0 hidden object(s)

2022-06-28 15:40:22 - [MESSAGE][PASSED] - Screenshot is taken
[[ATTACHMENT|C:\Users\Nia Yusniati\Git_Asa\katalon-fina\Screenshots\mobile\cakpro\keyes\keyes-skenario-2.2-berhasil login.png]]

2022-06-28 15:40:22 - [TEST_STEP][PASSED] - elementHome = findElement(findTestObject("DMS_FINA_Mobile/FINA_BottomNav_Home_Button"), 10): null

2022-06-28 15:40:23 - [TEST_STEP][PASSED] - elementHome.click(): null]]></system-out>
         <system-err><![CDATA[]]></system-err>
      </testcase>
      <testcase name="Test Cases/DMS_Renewal dan Upgrade Asuransi Aswata/Matriks 2/2.3. Tracking Pengajuan" time="75.141" classname="Test Cases/DMS_Renewal dan Upgrade Asuransi Aswata/Matriks 2/2.3. Tracking Pengajuan" status="PASSED">
         <system-out><![CDATA[2022-06-28 15:40:23 - [TEST_CASE][PASSED] - Test Cases/DMS_Renewal dan Upgrade Asuransi Aswata/Matriks 2/2.3. Tracking Pengajuan: Test Cases/DMS_Renewal dan Upgrade Asuransi Aswata/Matriks 2/2.3. Tracking Pengajuan

2022-06-28 15:40:24 - [TEST_STEP][PASSED] - baseDir = System.getProperty("user.dir"): null

2022-06-28 15:40:24 - [TEST_STEP][PASSED] - startExistingApplication("com.vq.mbrochuregp.client.android", STOP_ON_FAILURE): Starting app with application ID: 'com.vq.mbrochuregp.client.android'

2022-06-28 15:40:34 - [MESSAGE][PASSED] - Starting app with application ID: 'com.vq.mbrochuregp.client.android'

2022-06-28 15:40:34 - [TEST_STEP][PASSED] - delay(8): Delayed 8 second(s)

2022-06-28 15:40:42 - [MESSAGE][PASSED] - Delayed 8 second(s)

2022-06-28 15:40:42 - [TEST_STEP][PASSED] - pressBack(): Press back button successfully

2022-06-28 15:40:43 - [MESSAGE][PASSED] - Press back button successfully

2022-06-28 15:40:43 - [TEST_STEP][PASSED] - tap(findTestObject("DMS_FINA_Mobile/FINA_Login/android.widget.Button - TIDAK"), 0): Tapped on element 'Object Repository/DMS_FINA_Mobile/FINA_Login/android.widget.Button - TIDAK'

2022-06-28 15:40:43 - [MESSAGE][WARNING] - Timeout '0' is invalid. Using default page load timeout: '30'

2022-06-28 15:40:45 - [MESSAGE][PASSED] - Tapped on element 'Object Repository/DMS_FINA_Mobile/FINA_Login/android.widget.Button - TIDAK'

2022-06-28 15:40:45 - [TEST_STEP][PASSED] - tap(findTestObject("DMS_FINA_Mobile/FINA_Mobile_Main Menu/FINA_Menu_More_Button"), 0): Tapped on element 'Object Repository/DMS_FINA_Mobile/FINA_Mobile_Main Menu/FINA_Menu_More_Button'

2022-06-28 15:40:45 - [MESSAGE][WARNING] - Timeout '0' is invalid. Using default page load timeout: '30'

2022-06-28 15:40:47 - [MESSAGE][PASSED] - Tapped on element 'Object Repository/DMS_FINA_Mobile/FINA_Mobile_Main Menu/FINA_Menu_More_Button'

2022-06-28 15:40:47 - [TEST_STEP][PASSED] - tap(findTestObject("APN_Fina New Versi/More/Tracking/Fina_Menu_More_Tracking"), 0): Tapped on element 'Object Repository/APN_Fina New Versi/More/Tracking/Fina_Menu_More_Tracking'

2022-06-28 15:40:47 - [MESSAGE][WARNING] - Timeout '0' is invalid. Using default page load timeout: '30'

2022-06-28 15:40:49 - [MESSAGE][PASSED] - Tapped on element 'Object Repository/APN_Fina New Versi/More/Tracking/Fina_Menu_More_Tracking'

2022-06-28 15:40:49 - [TEST_STEP][PASSED] - delay(15): Delayed 15 second(s)

2022-06-28 15:41:04 - [MESSAGE][PASSED] - Delayed 15 second(s)

2022-06-28 15:41:04 - [TEST_STEP][PASSED] - takeScreenshotAsCheckpoint(baseDir + sspathasuransicakpro + "skenario-2.8-list pengajuan" + ".png", STOP_ON_FAILURE): Screenshot is taken

2022-06-28 15:41:05 - [MESSAGE][INFO] - 0 hidden object(s)

2022-06-28 15:41:06 - [MESSAGE][PASSED] - Screenshot is taken
[[ATTACHMENT|C:\Users\Nia Yusniati\Git_Asa\katalon-fina\Screenshots\mobile\cakpro\keyes\keyes-skenario-2.8-list pengajuan.png]]

2022-06-28 15:41:06 - [TEST_STEP][PASSED] - tap(findTestObject("APN_Fina New Versi/More/Tracking/Fina_Menu_More_Tracking_ListData1"), 0): Tapped on element 'Object Repository/APN_Fina New Versi/More/Tracking/Fina_Menu_More_Tracking_ListData1'

2022-06-28 15:41:06 - [MESSAGE][WARNING] - Timeout '0' is invalid. Using default page load timeout: '30'

2022-06-28 15:41:07 - [MESSAGE][PASSED] - Tapped on element 'Object Repository/APN_Fina New Versi/More/Tracking/Fina_Menu_More_Tracking_ListData1'

2022-06-28 15:41:07 - [TEST_STEP][PASSED] - delay(15): Delayed 15 second(s)

2022-06-28 15:41:22 - [MESSAGE][PASSED] - Delayed 15 second(s)

2022-06-28 15:41:22 - [TEST_STEP][PASSED] - takeScreenshotAsCheckpoint(baseDir + sspathasuransicakpro + "skenario-2.9-detail pengajuan" + ".png", STOP_ON_FAILURE): Screenshot is taken

2022-06-28 15:41:23 - [MESSAGE][INFO] - 0 hidden object(s)

2022-06-28 15:41:23 - [MESSAGE][PASSED] - Screenshot is taken
[[ATTACHMENT|C:\Users\Nia Yusniati\Git_Asa\katalon-fina\Screenshots\mobile\cakpro\keyes\keyes-skenario-2.9-detail pengajuan.png]]

2022-06-28 15:41:23 - [TEST_STEP][PASSED] - pressBack(): Press back button successfully

2022-06-28 15:41:24 - [MESSAGE][PASSED] - Press back button successfully

2022-06-28 15:41:24 - [TEST_STEP][PASSED] - pressBack(): Press back button successfully

2022-06-28 15:41:26 - [MESSAGE][PASSED] - Press back button successfully

2022-06-28 15:41:26 - [TEST_STEP][PASSED] - pressBack(): Press back button successfully

2022-06-28 15:41:27 - [MESSAGE][PASSED] - Press back button successfully

2022-06-28 15:41:27 - [TEST_STEP][PASSED] - Account = findElement(findTestObject("Object Repository/DMS_FINA_Mobile/FINA_BottomNav_Account_Button"), 10): null

2022-06-28 15:41:28 - [TEST_STEP][PASSED] - delay(10): Delayed 10 second(s)

2022-06-28 15:41:38 - [MESSAGE][PASSED] - Delayed 10 second(s)]]></system-out>
         <system-err><![CDATA[]]></system-err>
      </testcase>
      <testcase name="Test Cases/DMS_Renewal dan Upgrade Asuransi Aswata/Matriks 3/3.1. Login - konsumen" time="37.561" classname="Test Cases/DMS_Renewal dan Upgrade Asuransi Aswata/Matriks 3/3.1. Login - konsumen" status="PASSED">
         <system-out><![CDATA[2022-06-28 15:41:38 - [TEST_CASE][PASSED] - Test Cases/DMS_Renewal dan Upgrade Asuransi Aswata/Matriks 3/3.1. Login - konsumen: Test Cases/DMS_Renewal dan Upgrade Asuransi Aswata/Matriks 3/3.1. Login - konsumen

2022-06-28 15:41:39 - [TEST_STEP][PASSED] - baseDir = System.getProperty("user.dir"): null

2022-06-28 15:41:39 - [TEST_STEP][PASSED] - startExistingApplication("com.vq.mbrochuregp.client.android", STOP_ON_FAILURE): Starting app with application ID: 'com.vq.mbrochuregp.client.android'

2022-06-28 15:41:50 - [MESSAGE][PASSED] - Starting app with application ID: 'com.vq.mbrochuregp.client.android'

2022-06-28 15:41:50 - [TEST_STEP][PASSED] - delay(8): Delayed 8 second(s)

2022-06-28 15:41:58 - [MESSAGE][PASSED] - Delayed 8 second(s)

2022-06-28 15:41:58 - [TEST_STEP][PASSED] - element = findElement(findTestObject("DMS_FINA_Mobile/FINA_BottomNav_Account_Button"), 10): null

2022-06-28 15:41:59 - [TEST_STEP][PASSED] - element.click(): null

2022-06-28 15:41:59 - [TEST_STEP][PASSED] - setText(findTestObject("DMS_FINA_Mobile/FINA_Login/Login_Text"), findTestData("DMS_Asr_Cakpro").getObjectValue("Login", 13), 0): Text 'ending@mailinator.com' has been set to element 'Object Repository/DMS_FINA_Mobile/FINA_Login/Login_Text'

2022-06-28 15:41:59 - [MESSAGE][WARNING] - Timeout '0' is invalid. Using default page load timeout: '30'

2022-06-28 15:42:00 - [MESSAGE][PASSED] - Text 'ending@mailinator.com' has been set to element 'Object Repository/DMS_FINA_Mobile/FINA_Login/Login_Text'

2022-06-28 15:42:00 - [TEST_STEP][PASSED] - setText(findTestObject("DMS_FINA_Mobile/FINA_Login/Login_Password_Text"), findTestData("DMS_Asr_Cakpro").getObjectValue("Pass", 13), 0): Text '123abc' has been set to element 'Object Repository/DMS_FINA_Mobile/FINA_Login/Login_Password_Text'

2022-06-28 15:42:01 - [MESSAGE][WARNING] - Timeout '0' is invalid. Using default page load timeout: '30'

2022-06-28 15:42:02 - [MESSAGE][PASSED] - Text '123abc' has been set to element 'Object Repository/DMS_FINA_Mobile/FINA_Login/Login_Password_Text'

2022-06-28 15:42:02 - [TEST_STEP][PASSED] - takeScreenshotAsCheckpoint(baseDir + sspathasuransicakpro + "skenario-3.1-input username dan password" + ".png", STOP_ON_FAILURE): Screenshot is taken

2022-06-28 15:42:04 - [MESSAGE][INFO] - 0 hidden object(s)

2022-06-28 15:42:04 - [MESSAGE][PASSED] - Screenshot is taken
[[ATTACHMENT|C:\Users\Nia Yusniati\Git_Asa\katalon-fina\Screenshots\mobile\cakpro\keyes\keyes-skenario-3.1-input username dan password.png]]

2022-06-28 15:42:04 - [TEST_STEP][PASSED] - tap(findTestObject("DMS_FINA_Mobile/FINA_Login/FINA_Login_Button"), 0): Tapped on element 'Object Repository/DMS_FINA_Mobile/FINA_Login/FINA_Login_Button'

2022-06-28 15:42:04 - [MESSAGE][WARNING] - Timeout '0' is invalid. Using default page load timeout: '30'

2022-06-28 15:42:04 - [MESSAGE][PASSED] - Tapped on element 'Object Repository/DMS_FINA_Mobile/FINA_Login/FINA_Login_Button'

2022-06-28 15:42:04 - [TEST_STEP][PASSED] - delay(5, STOP_ON_FAILURE): Delayed 5 second(s)

2022-06-28 15:42:09 - [MESSAGE][PASSED] - Delayed 5 second(s)

2022-06-28 15:42:09 - [TEST_STEP][PASSED] - elementAccount = findElement(findTestObject("DMS_FINA_Mobile/FINA_BottomNav_Account_Button"), 10): null

2022-06-28 15:42:11 - [TEST_STEP][PASSED] - elementAccount.click(): null

2022-06-28 15:42:11 - [TEST_STEP][PASSED] - delay(2): Delayed 2 second(s)

2022-06-28 15:42:13 - [MESSAGE][PASSED] - Delayed 2 second(s)

2022-06-28 15:42:13 - [TEST_STEP][PASSED] - takeScreenshotAsCheckpoint(baseDir + sspathasuransicakpro + "skenario-3.2-berhasil login" + ".png", STOP_ON_FAILURE): Screenshot is taken

2022-06-28 15:42:15 - [MESSAGE][INFO] - 0 hidden object(s)

2022-06-28 15:42:15 - [MESSAGE][PASSED] - Screenshot is taken
[[ATTACHMENT|C:\Users\Nia Yusniati\Git_Asa\katalon-fina\Screenshots\mobile\cakpro\keyes\keyes-skenario-3.2-berhasil login.png]]

2022-06-28 15:42:15 - [TEST_STEP][PASSED] - elementHome = findElement(findTestObject("DMS_FINA_Mobile/FINA_BottomNav_Home_Button"), 10): null

2022-06-28 15:42:16 - [TEST_STEP][PASSED] - elementHome.click(): null]]></system-out>
         <system-err><![CDATA[]]></system-err>
      </testcase>
      <testcase name="Test Cases/DMS_Renewal dan Upgrade Asuransi Aswata/Matriks 3/3.3. Tracking Pengajuan" time="72.872" classname="Test Cases/DMS_Renewal dan Upgrade Asuransi Aswata/Matriks 3/3.3. Tracking Pengajuan" status="PASSED">
         <system-out><![CDATA[2022-06-28 15:42:16 - [TEST_CASE][PASSED] - Test Cases/DMS_Renewal dan Upgrade Asuransi Aswata/Matriks 3/3.3. Tracking Pengajuan: Test Cases/DMS_Renewal dan Upgrade Asuransi Aswata/Matriks 3/3.3. Tracking Pengajuan

2022-06-28 15:42:17 - [TEST_STEP][PASSED] - baseDir = System.getProperty("user.dir"): null

2022-06-28 15:42:17 - [TEST_STEP][PASSED] - startExistingApplication("com.vq.mbrochuregp.client.android", STOP_ON_FAILURE): Starting app with application ID: 'com.vq.mbrochuregp.client.android'

2022-06-28 15:42:27 - [MESSAGE][PASSED] - Starting app with application ID: 'com.vq.mbrochuregp.client.android'

2022-06-28 15:42:27 - [TEST_STEP][PASSED] - delay(8): Delayed 8 second(s)

2022-06-28 15:42:35 - [MESSAGE][PASSED] - Delayed 8 second(s)

2022-06-28 15:42:35 - [TEST_STEP][PASSED] - pressBack(): Press back button successfully

2022-06-28 15:42:36 - [MESSAGE][PASSED] - Press back button successfully

2022-06-28 15:42:36 - [TEST_STEP][PASSED] - tap(findTestObject("DMS_FINA_Mobile/FINA_Login/android.widget.Button - TIDAK"), 0): Tapped on element 'Object Repository/DMS_FINA_Mobile/FINA_Login/android.widget.Button - TIDAK'

2022-06-28 15:42:36 - [MESSAGE][WARNING] - Timeout '0' is invalid. Using default page load timeout: '30'

2022-06-28 15:42:37 - [MESSAGE][PASSED] - Tapped on element 'Object Repository/DMS_FINA_Mobile/FINA_Login/android.widget.Button - TIDAK'

2022-06-28 15:42:37 - [TEST_STEP][PASSED] - tap(findTestObject("DMS_FINA_Mobile/FINA_Mobile_Main Menu/FINA_Menu_More_Button"), 0): Tapped on element 'Object Repository/DMS_FINA_Mobile/FINA_Mobile_Main Menu/FINA_Menu_More_Button'

2022-06-28 15:42:37 - [MESSAGE][WARNING] - Timeout '0' is invalid. Using default page load timeout: '30'

2022-06-28 15:42:38 - [MESSAGE][PASSED] - Tapped on element 'Object Repository/DMS_FINA_Mobile/FINA_Mobile_Main Menu/FINA_Menu_More_Button'

2022-06-28 15:42:38 - [TEST_STEP][PASSED] - tap(findTestObject("APN_Fina New Versi/More/Tracking/Fina_Menu_More_Tracking"), 0): Tapped on element 'Object Repository/APN_Fina New Versi/More/Tracking/Fina_Menu_More_Tracking'

2022-06-28 15:42:39 - [MESSAGE][WARNING] - Timeout '0' is invalid. Using default page load timeout: '30'

2022-06-28 15:42:40 - [MESSAGE][PASSED] - Tapped on element 'Object Repository/APN_Fina New Versi/More/Tracking/Fina_Menu_More_Tracking'

2022-06-28 15:42:40 - [TEST_STEP][PASSED] - delay(15): Delayed 15 second(s)

2022-06-28 15:42:55 - [MESSAGE][PASSED] - Delayed 15 second(s)

2022-06-28 15:42:55 - [TEST_STEP][PASSED] - takeScreenshotAsCheckpoint(baseDir + sspathasuransicakpro + "skenario-3.8-list pengajuan" + ".png", STOP_ON_FAILURE): Screenshot is taken

2022-06-28 15:42:56 - [MESSAGE][INFO] - 0 hidden object(s)

2022-06-28 15:42:56 - [MESSAGE][PASSED] - Screenshot is taken
[[ATTACHMENT|C:\Users\Nia Yusniati\Git_Asa\katalon-fina\Screenshots\mobile\cakpro\keyes\keyes-skenario-3.8-list pengajuan.png]]

2022-06-28 15:42:56 - [TEST_STEP][PASSED] - tap(findTestObject("APN_Fina New Versi/More/Tracking/Fina_Menu_More_Tracking_ListData1"), 0): Tapped on element 'Object Repository/APN_Fina New Versi/More/Tracking/Fina_Menu_More_Tracking_ListData1'

2022-06-28 15:42:57 - [MESSAGE][WARNING] - Timeout '0' is invalid. Using default page load timeout: '30'

2022-06-28 15:42:58 - [MESSAGE][PASSED] - Tapped on element 'Object Repository/APN_Fina New Versi/More/Tracking/Fina_Menu_More_Tracking_ListData1'

2022-06-28 15:42:58 - [TEST_STEP][PASSED] - delay(15): Delayed 15 second(s)

2022-06-28 15:43:13 - [MESSAGE][PASSED] - Delayed 15 second(s)

2022-06-28 15:43:13 - [TEST_STEP][PASSED] - takeScreenshotAsCheckpoint(baseDir + sspathasuransicakpro + "skenario-3.9-detail pengajuan" + ".png", STOP_ON_FAILURE): Screenshot is taken

2022-06-28 15:43:14 - [MESSAGE][INFO] - 0 hidden object(s)

2022-06-28 15:43:14 - [MESSAGE][PASSED] - Screenshot is taken
[[ATTACHMENT|C:\Users\Nia Yusniati\Git_Asa\katalon-fina\Screenshots\mobile\cakpro\keyes\keyes-skenario-3.9-detail pengajuan.png]]

2022-06-28 15:43:14 - [TEST_STEP][PASSED] - pressBack(): Press back button successfully

2022-06-28 15:43:15 - [MESSAGE][PASSED] - Press back button successfully

2022-06-28 15:43:15 - [TEST_STEP][PASSED] - pressBack(): Press back button successfully

2022-06-28 15:43:17 - [MESSAGE][PASSED] - Press back button successfully

2022-06-28 15:43:17 - [TEST_STEP][PASSED] - pressBack(): Press back button successfully

2022-06-28 15:43:18 - [MESSAGE][PASSED] - Press back button successfully

2022-06-28 15:43:18 - [TEST_STEP][PASSED] - Account = findElement(findTestObject("Object Repository/DMS_FINA_Mobile/FINA_BottomNav_Account_Button"), 10): null

2022-06-28 15:43:19 - [TEST_STEP][PASSED] - Account.click(): null

2022-06-28 15:43:19 - [TEST_STEP][PASSED] - delay(10): Delayed 10 second(s)

2022-06-28 15:43:29 - [MESSAGE][PASSED] - Delayed 10 second(s)]]></system-out>
         <system-err><![CDATA[]]></system-err>
      </testcase>
      <testcase name="Test Cases/DMS_Renewal dan Upgrade Asuransi Aswata/Matriks 4/4.1. Login - konsumen" time="41.757" classname="Test Cases/DMS_Renewal dan Upgrade Asuransi Aswata/Matriks 4/4.1. Login - konsumen" status="PASSED">
         <system-out><![CDATA[2022-06-28 15:43:29 - [TEST_CASE][PASSED] - Test Cases/DMS_Renewal dan Upgrade Asuransi Aswata/Matriks 4/4.1. Login - konsumen: Test Cases/DMS_Renewal dan Upgrade Asuransi Aswata/Matriks 4/4.1. Login - konsumen

2022-06-28 15:43:29 - [TEST_STEP][PASSED] - baseDir = System.getProperty("user.dir"): null

2022-06-28 15:43:29 - [TEST_STEP][PASSED] - startExistingApplication("com.vq.mbrochuregp.client.android", STOP_ON_FAILURE): Starting app with application ID: 'com.vq.mbrochuregp.client.android'

2022-06-28 15:43:40 - [MESSAGE][PASSED] - Starting app with application ID: 'com.vq.mbrochuregp.client.android'

2022-06-28 15:43:40 - [TEST_STEP][PASSED] - delay(8): Delayed 8 second(s)

2022-06-28 15:43:48 - [MESSAGE][PASSED] - Delayed 8 second(s)

2022-06-28 15:43:48 - [TEST_STEP][PASSED] - element = findElement(findTestObject("DMS_FINA_Mobile/FINA_BottomNav_Account_Button"), 10): null

2022-06-28 15:43:49 - [TEST_STEP][PASSED] - element.click(): null

2022-06-28 15:43:49 - [TEST_STEP][PASSED] - setText(findTestObject("DMS_FINA_Mobile/FINA_Login/Login_Text"), findTestData("DMS_Asr_Cakpro").getObjectValue("Login", 16), 0): Text 'zoni@mailinator.com' has been set to element 'Object Repository/DMS_FINA_Mobile/FINA_Login/Login_Text'

2022-06-28 15:43:49 - [MESSAGE][WARNING] - Timeout '0' is invalid. Using default page load timeout: '30'

2022-06-28 15:43:51 - [MESSAGE][PASSED] - Text 'zoni@mailinator.com' has been set to element 'Object Repository/DMS_FINA_Mobile/FINA_Login/Login_Text'

2022-06-28 15:43:51 - [TEST_STEP][PASSED] - setText(findTestObject("DMS_FINA_Mobile/FINA_Login/Login_Password_Text"), findTestData("DMS_Asr_Cakpro").getObjectValue("Pass", 16), 0): Text '123abc' has been set to element 'Object Repository/DMS_FINA_Mobile/FINA_Login/Login_Password_Text'

2022-06-28 15:43:51 - [MESSAGE][WARNING] - Timeout '0' is invalid. Using default page load timeout: '30'

2022-06-28 15:43:52 - [MESSAGE][PASSED] - Text '123abc' has been set to element 'Object Repository/DMS_FINA_Mobile/FINA_Login/Login_Password_Text'

2022-06-28 15:43:52 - [TEST_STEP][PASSED] - takeScreenshotAsCheckpoint(baseDir + sspathasuransicakpro + "skenario-4.1-input username dan password" + ".png", STOP_ON_FAILURE): Screenshot is taken

2022-06-28 15:43:54 - [MESSAGE][INFO] - 0 hidden object(s)

2022-06-28 15:43:54 - [MESSAGE][PASSED] - Screenshot is taken
[[ATTACHMENT|C:\Users\Nia Yusniati\Git_Asa\katalon-fina\Screenshots\mobile\cakpro\keyes\keyes-skenario-4.1-input username dan password.png]]

2022-06-28 15:43:54 - [TEST_STEP][PASSED] - tap(findTestObject("DMS_FINA_Mobile/FINA_Login/FINA_Login_Button"), 0): Tapped on element 'Object Repository/DMS_FINA_Mobile/FINA_Login/FINA_Login_Button'

2022-06-28 15:43:54 - [MESSAGE][WARNING] - Timeout '0' is invalid. Using default page load timeout: '30'

2022-06-28 15:43:55 - [MESSAGE][PASSED] - Tapped on element 'Object Repository/DMS_FINA_Mobile/FINA_Login/FINA_Login_Button'

2022-06-28 15:43:55 - [TEST_STEP][PASSED] - delay(5, STOP_ON_FAILURE): Delayed 5 second(s)

2022-06-28 15:44:00 - [MESSAGE][PASSED] - Delayed 5 second(s)

2022-06-28 15:44:00 - [TEST_STEP][PASSED] - scrollToText("Suku Bunga", STOP_ON_FAILURE): Scrolling to text 'Suku Bunga' successfully

2022-06-28 15:44:04 - [MESSAGE][PASSED] - Scrolling to text 'Suku Bunga' successfully

2022-06-28 15:44:04 - [TEST_STEP][PASSED] - elementAccount = findElement(findTestObject("DMS_FINA_Mobile/FINA_BottomNav_Account_Button"), 10): null

2022-06-28 15:44:06 - [TEST_STEP][PASSED] - elementAccount.click(): null

2022-06-28 15:44:06 - [TEST_STEP][PASSED] - delay(2): Delayed 2 second(s)

2022-06-28 15:44:08 - [MESSAGE][PASSED] - Delayed 2 second(s)

2022-06-28 15:44:08 - [TEST_STEP][PASSED] - takeScreenshotAsCheckpoint(baseDir + sspathasuransicakpro + "skenario-4.2-berhasil login" + ".png", STOP_ON_FAILURE): Screenshot is taken

2022-06-28 15:44:09 - [MESSAGE][INFO] - 0 hidden object(s)

2022-06-28 15:44:10 - [MESSAGE][PASSED] - Screenshot is taken
[[ATTACHMENT|C:\Users\Nia Yusniati\Git_Asa\katalon-fina\Screenshots\mobile\cakpro\keyes\keyes-skenario-4.2-berhasil login.png]]

2022-06-28 15:44:10 - [TEST_STEP][PASSED] - elementHome = findElement(findTestObject("DMS_FINA_Mobile/FINA_BottomNav_Home_Button"), 10): null

2022-06-28 15:44:10 - [TEST_STEP][PASSED] - elementHome.click(): null]]></system-out>
         <system-err><![CDATA[]]></system-err>
      </testcase>
      <testcase name="Test Cases/DMS_Renewal dan Upgrade Asuransi Aswata/Matriks 4/4.3. Tracking Pengajuan" time="75.554" classname="Test Cases/DMS_Renewal dan Upgrade Asuransi Aswata/Matriks 4/4.3. Tracking Pengajuan" status="PASSED">
         <system-out><![CDATA[2022-06-28 15:44:10 - [TEST_CASE][PASSED] - Test Cases/DMS_Renewal dan Upgrade Asuransi Aswata/Matriks 4/4.3. Tracking Pengajuan: Test Cases/DMS_Renewal dan Upgrade Asuransi Aswata/Matriks 4/4.3. Tracking Pengajuan

2022-06-28 15:44:12 - [TEST_STEP][PASSED] - baseDir = System.getProperty("user.dir"): null

2022-06-28 15:44:12 - [TEST_STEP][PASSED] - startExistingApplication("com.vq.mbrochuregp.client.android", STOP_ON_FAILURE): Starting app with application ID: 'com.vq.mbrochuregp.client.android'

2022-06-28 15:44:23 - [MESSAGE][PASSED] - Starting app with application ID: 'com.vq.mbrochuregp.client.android'

2022-06-28 15:44:23 - [TEST_STEP][PASSED] - delay(8): Delayed 8 second(s)

2022-06-28 15:44:31 - [MESSAGE][PASSED] - Delayed 8 second(s)

2022-06-28 15:44:31 - [TEST_STEP][PASSED] - pressBack(): Press back button successfully

2022-06-28 15:44:31 - [MESSAGE][PASSED] - Press back button successfully

2022-06-28 15:44:31 - [TEST_STEP][PASSED] - tap(findTestObject("DMS_FINA_Mobile/FINA_Login/android.widget.Button - TIDAK"), 0): Tapped on element 'Object Repository/DMS_FINA_Mobile/FINA_Login/android.widget.Button - TIDAK'

2022-06-28 15:44:31 - [MESSAGE][WARNING] - Timeout '0' is invalid. Using default page load timeout: '30'

2022-06-28 15:44:34 - [MESSAGE][PASSED] - Tapped on element 'Object Repository/DMS_FINA_Mobile/FINA_Login/android.widget.Button - TIDAK'

2022-06-28 15:44:34 - [TEST_STEP][PASSED] - tap(findTestObject("DMS_FINA_Mobile/FINA_Mobile_Main Menu/FINA_Menu_More_Button"), 0): Tapped on element 'Object Repository/DMS_FINA_Mobile/FINA_Mobile_Main Menu/FINA_Menu_More_Button'

2022-06-28 15:44:34 - [MESSAGE][WARNING] - Timeout '0' is invalid. Using default page load timeout: '30'

2022-06-28 15:44:36 - [MESSAGE][PASSED] - Tapped on element 'Object Repository/DMS_FINA_Mobile/FINA_Mobile_Main Menu/FINA_Menu_More_Button'

2022-06-28 15:44:36 - [TEST_STEP][PASSED] - tap(findTestObject("APN_Fina New Versi/More/Tracking/Fina_Menu_More_Tracking"), 0): Tapped on element 'Object Repository/APN_Fina New Versi/More/Tracking/Fina_Menu_More_Tracking'

2022-06-28 15:44:36 - [MESSAGE][WARNING] - Timeout '0' is invalid. Using default page load timeout: '30'

2022-06-28 15:44:37 - [MESSAGE][PASSED] - Tapped on element 'Object Repository/APN_Fina New Versi/More/Tracking/Fina_Menu_More_Tracking'

2022-06-28 15:44:37 - [TEST_STEP][PASSED] - delay(15): Delayed 15 second(s)

2022-06-28 15:44:52 - [MESSAGE][PASSED] - Delayed 15 second(s)

2022-06-28 15:44:52 - [TEST_STEP][PASSED] - takeScreenshotAsCheckpoint(baseDir + sspathasuransicakpro + "skenario-4.8-list pengajuan" + ".png", STOP_ON_FAILURE): Screenshot is taken

2022-06-28 15:44:53 - [MESSAGE][INFO] - 0 hidden object(s)

2022-06-28 15:44:53 - [MESSAGE][PASSED] - Screenshot is taken
[[ATTACHMENT|C:\Users\Nia Yusniati\Git_Asa\katalon-fina\Screenshots\mobile\cakpro\keyes\keyes-skenario-4.8-list pengajuan.png]]

2022-06-28 15:44:53 - [TEST_STEP][PASSED] - tap(findTestObject("APN_Fina New Versi/More/Tracking/Fina_Menu_More_Tracking_ListData1"), 0): Tapped on element 'Object Repository/APN_Fina New Versi/More/Tracking/Fina_Menu_More_Tracking_ListData1'

2022-06-28 15:44:54 - [MESSAGE][WARNING] - Timeout '0' is invalid. Using default page load timeout: '30'

2022-06-28 15:44:55 - [MESSAGE][PASSED] - Tapped on element 'Object Repository/APN_Fina New Versi/More/Tracking/Fina_Menu_More_Tracking_ListData1'

2022-06-28 15:44:55 - [TEST_STEP][PASSED] - delay(15): Delayed 15 second(s)

2022-06-28 15:45:10 - [MESSAGE][PASSED] - Delayed 15 second(s)

2022-06-28 15:45:10 - [TEST_STEP][PASSED] - takeScreenshotAsCheckpoint(baseDir + sspathasuransicakpro + "skenario-4.9-detail pengajuan" + ".png", STOP_ON_FAILURE): Screenshot is taken

2022-06-28 15:45:11 - [MESSAGE][INFO] - 0 hidden object(s)

2022-06-28 15:45:12 - [MESSAGE][PASSED] - Screenshot is taken
[[ATTACHMENT|C:\Users\Nia Yusniati\Git_Asa\katalon-fina\Screenshots\mobile\cakpro\keyes\keyes-skenario-4.9-detail pengajuan.png]]

2022-06-28 15:45:12 - [TEST_STEP][PASSED] - pressBack(): Press back button successfully

2022-06-28 15:45:13 - [MESSAGE][PASSED] - Press back button successfully

2022-06-28 15:45:13 - [TEST_STEP][PASSED] - pressBack(): Press back button successfully

2022-06-28 15:45:14 - [MESSAGE][PASSED] - Press back button successfully

2022-06-28 15:45:14 - [TEST_STEP][PASSED] - pressBack(): Press back button successfully

2022-06-28 15:45:15 - [MESSAGE][PASSED] - Press back button successfully

2022-06-28 15:45:15 - [TEST_STEP][PASSED] - Account = findElement(findTestObject("Object Repository/DMS_FINA_Mobile/FINA_BottomNav_Account_Button"), 10): null

2022-06-28 15:45:16 - [TEST_STEP][PASSED] - Account.click(): null

2022-06-28 15:45:16 - [TEST_STEP][PASSED] - delay(10): Delayed 10 second(s)

2022-06-28 15:45:26 - [MESSAGE][PASSED] - Delayed 10 second(s)]]></system-out>
         <system-err><![CDATA[]]></system-err>
      </testcase>
      <testcase name="Test Cases/DMS_Renewal dan Upgrade Asuransi Aswata/Matriks 5/5.1. Login - konsumen" time="39.304" classname="Test Cases/DMS_Renewal dan Upgrade Asuransi Aswata/Matriks 5/5.1. Login - konsumen" status="PASSED">
         <system-out><![CDATA[2022-06-28 15:45:26 - [TEST_CASE][PASSED] - Test Cases/DMS_Renewal dan Upgrade Asuransi Aswata/Matriks 5/5.1. Login - konsumen: Test Cases/DMS_Renewal dan Upgrade Asuransi Aswata/Matriks 5/5.1. Login - konsumen

2022-06-28 15:45:27 - [TEST_STEP][PASSED] - baseDir = System.getProperty("user.dir"): null

2022-06-28 15:45:27 - [TEST_STEP][PASSED] - startExistingApplication("com.vq.mbrochuregp.client.android", STOP_ON_FAILURE): Starting app with application ID: 'com.vq.mbrochuregp.client.android'

2022-06-28 15:45:38 - [MESSAGE][PASSED] - Starting app with application ID: 'com.vq.mbrochuregp.client.android'

2022-06-28 15:45:38 - [TEST_STEP][PASSED] - delay(8): Delayed 8 second(s)

2022-06-28 15:45:46 - [MESSAGE][PASSED] - Delayed 8 second(s)

2022-06-28 15:45:46 - [TEST_STEP][PASSED] - element = findElement(findTestObject("DMS_FINA_Mobile/FINA_BottomNav_Account_Button"), 10): null

2022-06-28 15:45:47 - [TEST_STEP][PASSED] - element.click(): null

2022-06-28 15:45:47 - [TEST_STEP][PASSED] - setText(findTestObject("DMS_FINA_Mobile/FINA_Login/Login_Text"), findTestData("DMS_Asr_Cakpro").getObjectValue("Login", 19), 0): Text 'fikar@mailinator.com' has been set to element 'Object Repository/DMS_FINA_Mobile/FINA_Login/Login_Text'

2022-06-28 15:45:47 - [MESSAGE][WARNING] - Timeout '0' is invalid. Using default page load timeout: '30'

2022-06-28 15:45:48 - [MESSAGE][PASSED] - Text 'fikar@mailinator.com' has been set to element 'Object Repository/DMS_FINA_Mobile/FINA_Login/Login_Text'

2022-06-28 15:45:48 - [TEST_STEP][PASSED] - setText(findTestObject("DMS_FINA_Mobile/FINA_Login/Login_Password_Text"), findTestData("DMS_Asr_Cakpro").getObjectValue("Pass", 19), 0): Text '123abc' has been set to element 'Object Repository/DMS_FINA_Mobile/FINA_Login/Login_Password_Text'

2022-06-28 15:45:49 - [MESSAGE][WARNING] - Timeout '0' is invalid. Using default page load timeout: '30'

2022-06-28 15:45:51 - [MESSAGE][PASSED] - Text '123abc' has been set to element 'Object Repository/DMS_FINA_Mobile/FINA_Login/Login_Password_Text'

2022-06-28 15:45:51 - [TEST_STEP][PASSED] - takeScreenshotAsCheckpoint(baseDir + sspathasuransicakpro + "skenario-5.1-input username dan password" + ".png", STOP_ON_FAILURE): Screenshot is taken

2022-06-28 15:45:53 - [MESSAGE][INFO] - 0 hidden object(s)

2022-06-28 15:45:53 - [MESSAGE][PASSED] - Screenshot is taken
[[ATTACHMENT|C:\Users\Nia Yusniati\Git_Asa\katalon-fina\Screenshots\mobile\cakpro\keyes\keyes-skenario-5.1-input username dan password.png]]

2022-06-28 15:45:53 - [TEST_STEP][PASSED] - tap(findTestObject("DMS_FINA_Mobile/FINA_Login/FINA_Login_Button"), 0): Tapped on element 'Object Repository/DMS_FINA_Mobile/FINA_Login/FINA_Login_Button'

2022-06-28 15:45:53 - [MESSAGE][WARNING] - Timeout '0' is invalid. Using default page load timeout: '30'

2022-06-28 15:45:54 - [MESSAGE][PASSED] - Tapped on element 'Object Repository/DMS_FINA_Mobile/FINA_Login/FINA_Login_Button'

2022-06-28 15:45:54 - [TEST_STEP][PASSED] - delay(6, STOP_ON_FAILURE): Delayed 6 second(s)

2022-06-28 15:46:00 - [MESSAGE][PASSED] - Delayed 6 second(s)

2022-06-28 15:46:00 - [TEST_STEP][PASSED] - elementAccount = findElement(findTestObject("DMS_FINA_Mobile/FINA_BottomNav_Account_Button"), 10): null

2022-06-28 15:46:01 - [TEST_STEP][PASSED] - elementAccount.click(): null

2022-06-28 15:46:01 - [TEST_STEP][PASSED] - delay(2): Delayed 2 second(s)

2022-06-28 15:46:03 - [MESSAGE][PASSED] - Delayed 2 second(s)

2022-06-28 15:46:03 - [TEST_STEP][PASSED] - takeScreenshotAsCheckpoint(baseDir + sspathasuransicakpro + "skenario-5.2-berhasil login" + ".png", STOP_ON_FAILURE): Screenshot is taken

2022-06-28 15:46:04 - [MESSAGE][INFO] - 0 hidden object(s)

2022-06-28 15:46:05 - [MESSAGE][PASSED] - Screenshot is taken
[[ATTACHMENT|C:\Users\Nia Yusniati\Git_Asa\katalon-fina\Screenshots\mobile\cakpro\keyes\keyes-skenario-5.2-berhasil login.png]]

2022-06-28 15:46:05 - [TEST_STEP][PASSED] - elementHome = findElement(findTestObject("DMS_FINA_Mobile/FINA_BottomNav_Home_Button"), 10): null

2022-06-28 15:46:05 - [TEST_STEP][PASSED] - elementHome.click(): null]]></system-out>
         <system-err><![CDATA[]]></system-err>
      </testcase>
      <testcase name="Test Cases/DMS_Renewal dan Upgrade Asuransi Aswata/Matriks 5/5.3. Tracking Pengajuan" time="65.195" classname="Test Cases/DMS_Renewal dan Upgrade Asuransi Aswata/Matriks 5/5.3. Tracking Pengajuan" status="PASSED">
         <system-out><![CDATA[2022-06-28 15:46:05 - [TEST_CASE][PASSED] - Test Cases/DMS_Renewal dan Upgrade Asuransi Aswata/Matriks 5/5.3. Tracking Pengajuan: Test Cases/DMS_Renewal dan Upgrade Asuransi Aswata/Matriks 5/5.3. Tracking Pengajuan

2022-06-28 15:46:06 - [TEST_STEP][PASSED] - baseDir = System.getProperty("user.dir"): null

2022-06-28 15:46:06 - [TEST_STEP][PASSED] - startExistingApplication("com.vq.mbrochuregp.client.android", STOP_ON_FAILURE): Starting app with application ID: 'com.vq.mbrochuregp.client.android'

2022-06-28 15:46:17 - [MESSAGE][PASSED] - Starting app with application ID: 'com.vq.mbrochuregp.client.android'

2022-06-28 15:46:17 - [TEST_STEP][PASSED] - delay(2, STOP_ON_FAILURE): Delayed 2 second(s)

2022-06-28 15:46:19 - [MESSAGE][PASSED] - Delayed 2 second(s)

2022-06-28 15:46:19 - [TEST_STEP][PASSED] - tap(findTestObject("DMS_FINA_Mobile/FINA_Mobile_Main Menu/FINA_Menu_More_Button"), 0): Tapped on element 'Object Repository/DMS_FINA_Mobile/FINA_Mobile_Main Menu/FINA_Menu_More_Button'

2022-06-28 15:46:19 - [MESSAGE][WARNING] - Timeout '0' is invalid. Using default page load timeout: '30'

2022-06-28 15:46:20 - [MESSAGE][PASSED] - Tapped on element 'Object Repository/DMS_FINA_Mobile/FINA_Mobile_Main Menu/FINA_Menu_More_Button'

2022-06-28 15:46:20 - [TEST_STEP][PASSED] - tap(findTestObject("APN_Fina New Versi/More/Tracking/Fina_Menu_More_Tracking"), 0): Tapped on element 'Object Repository/APN_Fina New Versi/More/Tracking/Fina_Menu_More_Tracking'

2022-06-28 15:46:20 - [MESSAGE][WARNING] - Timeout '0' is invalid. Using default page load timeout: '30'

2022-06-28 15:46:21 - [MESSAGE][PASSED] - Tapped on element 'Object Repository/APN_Fina New Versi/More/Tracking/Fina_Menu_More_Tracking'

2022-06-28 15:46:21 - [TEST_STEP][PASSED] - delay(15): Delayed 15 second(s)

2022-06-28 15:46:36 - [MESSAGE][PASSED] - Delayed 15 second(s)

2022-06-28 15:46:36 - [TEST_STEP][PASSED] - takeScreenshotAsCheckpoint(baseDir + sspathasuransicakpro + "skenario-5.8-list pengajuan" + ".png", STOP_ON_FAILURE): Screenshot is taken

2022-06-28 15:46:38 - [MESSAGE][INFO] - 0 hidden object(s)

2022-06-28 15:46:38 - [MESSAGE][PASSED] - Screenshot is taken
[[ATTACHMENT|C:\Users\Nia Yusniati\Git_Asa\katalon-fina\Screenshots\mobile\cakpro\keyes\keyes-skenario-5.8-list pengajuan.png]]

2022-06-28 15:46:38 - [TEST_STEP][PASSED] - tap(findTestObject("APN_Fina New Versi/More/Tracking/Fina_Menu_More_Tracking_ListData1"), 0): Tapped on element 'Object Repository/APN_Fina New Versi/More/Tracking/Fina_Menu_More_Tracking_ListData1'

2022-06-28 15:46:38 - [MESSAGE][WARNING] - Timeout '0' is invalid. Using default page load timeout: '30'

2022-06-28 15:46:39 - [MESSAGE][PASSED] - Tapped on element 'Object Repository/APN_Fina New Versi/More/Tracking/Fina_Menu_More_Tracking_ListData1'

2022-06-28 15:46:39 - [TEST_STEP][PASSED] - delay(15): Delayed 15 second(s)

2022-06-28 15:46:54 - [MESSAGE][PASSED] - Delayed 15 second(s)

2022-06-28 15:46:54 - [TEST_STEP][PASSED] - takeScreenshotAsCheckpoint(baseDir + sspathasuransicakpro + "skenario-5.9-detail pengajuan" + ".png", STOP_ON_FAILURE): Screenshot is taken

2022-06-28 15:46:56 - [MESSAGE][INFO] - 0 hidden object(s)

2022-06-28 15:46:56 - [MESSAGE][PASSED] - Screenshot is taken
[[ATTACHMENT|C:\Users\Nia Yusniati\Git_Asa\katalon-fina\Screenshots\mobile\cakpro\keyes\keyes-skenario-5.9-detail pengajuan.png]]

2022-06-28 15:46:56 - [TEST_STEP][PASSED] - pressBack(): Press back button successfully

2022-06-28 15:46:57 - [MESSAGE][PASSED] - Press back button successfully

2022-06-28 15:46:57 - [TEST_STEP][PASSED] - pressBack(): Press back button successfully

2022-06-28 15:46:58 - [MESSAGE][PASSED] - Press back button successfully

2022-06-28 15:46:58 - [TEST_STEP][PASSED] - pressBack(): Press back button successfully

2022-06-28 15:46:59 - [MESSAGE][PASSED] - Press back button successfully

2022-06-28 15:46:59 - [TEST_STEP][PASSED] - Account = findElement(findTestObject("Object Repository/DMS_FINA_Mobile/FINA_BottomNav_Account_Button"), 10): null

2022-06-28 15:47:00 - [TEST_STEP][PASSED] - Account.click(): null

2022-06-28 15:47:01 - [TEST_STEP][PASSED] - delay(10): Delayed 10 second(s)

2022-06-28 15:47:11 - [MESSAGE][PASSED] - Delayed 10 second(s)]]></system-out>
         <system-err><![CDATA[]]></system-err>
      </testcase>
      <testcase name="Test Cases/DMS_Renewal dan Upgrade Asuransi Aswata/Matriks 6/6.1. Login - konsumen" time="39.67" classname="Test Cases/DMS_Renewal dan Upgrade Asuransi Aswata/Matriks 6/6.1. Login - konsumen" status="PASSED">
         <system-out><![CDATA[2022-06-28 15:47:11 - [TEST_CASE][PASSED] - Test Cases/DMS_Renewal dan Upgrade Asuransi Aswata/Matriks 6/6.1. Login - konsumen: Test Cases/DMS_Renewal dan Upgrade Asuransi Aswata/Matriks 6/6.1. Login - konsumen

2022-06-28 15:47:11 - [TEST_STEP][PASSED] - baseDir = System.getProperty("user.dir"): null

2022-06-28 15:47:11 - [TEST_STEP][PASSED] - startExistingApplication("com.vq.mbrochuregp.client.android", STOP_ON_FAILURE): Starting app with application ID: 'com.vq.mbrochuregp.client.android'

2022-06-28 15:47:22 - [MESSAGE][PASSED] - Starting app with application ID: 'com.vq.mbrochuregp.client.android'

2022-06-28 15:47:22 - [TEST_STEP][PASSED] - delay(8): Delayed 8 second(s)

2022-06-28 15:47:30 - [MESSAGE][PASSED] - Delayed 8 second(s)

2022-06-28 15:47:30 - [TEST_STEP][PASSED] - element = findElement(findTestObject("DMS_FINA_Mobile/FINA_BottomNav_Account_Button"), 10): null

2022-06-28 15:47:32 - [TEST_STEP][PASSED] - element.click(): null

2022-06-28 15:47:32 - [TEST_STEP][PASSED] - setText(findTestObject("DMS_FINA_Mobile/FINA_Login/Login_Text"), findTestData("DMS_Asr_Cakpro").getObjectValue("Login", 24), 0): Text 'muhaimin@mailinator.com' has been set to element 'Object Repository/DMS_FINA_Mobile/FINA_Login/Login_Text'

2022-06-28 15:47:32 - [MESSAGE][WARNING] - Timeout '0' is invalid. Using default page load timeout: '30'

2022-06-28 15:47:34 - [MESSAGE][PASSED] - Text 'muhaimin@mailinator.com' has been set to element 'Object Repository/DMS_FINA_Mobile/FINA_Login/Login_Text'

2022-06-28 15:47:34 - [TEST_STEP][PASSED] - setText(findTestObject("DMS_FINA_Mobile/FINA_Login/Login_Password_Text"), findTestData("DMS_Asr_Cakpro").getObjectValue("Pass", 24), 0): Text '123abc' has been set to element 'Object Repository/DMS_FINA_Mobile/FINA_Login/Login_Password_Text'

2022-06-28 15:47:35 - [MESSAGE][WARNING] - Timeout '0' is invalid. Using default page load timeout: '30'

2022-06-28 15:47:36 - [MESSAGE][PASSED] - Text '123abc' has been set to element 'Object Repository/DMS_FINA_Mobile/FINA_Login/Login_Password_Text'

2022-06-28 15:47:36 - [TEST_STEP][PASSED] - takeScreenshotAsCheckpoint(baseDir + sspathasuransicakpro + "skenario-6.1-input username dan password" + ".png", STOP_ON_FAILURE): Screenshot is taken

2022-06-28 15:47:38 - [MESSAGE][INFO] - 0 hidden object(s)

2022-06-28 15:47:38 - [MESSAGE][PASSED] - Screenshot is taken
[[ATTACHMENT|C:\Users\Nia Yusniati\Git_Asa\katalon-fina\Screenshots\mobile\cakpro\keyes\keyes-skenario-6.1-input username dan password.png]]

2022-06-28 15:47:38 - [TEST_STEP][PASSED] - tap(findTestObject("DMS_FINA_Mobile/FINA_Login/FINA_Login_Button"), 0): Tapped on element 'Object Repository/DMS_FINA_Mobile/FINA_Login/FINA_Login_Button'

2022-06-28 15:47:38 - [MESSAGE][WARNING] - Timeout '0' is invalid. Using default page load timeout: '30'

2022-06-28 15:47:39 - [MESSAGE][PASSED] - Tapped on element 'Object Repository/DMS_FINA_Mobile/FINA_Login/FINA_Login_Button'

2022-06-28 15:47:39 - [TEST_STEP][PASSED] - delay(2, STOP_ON_FAILURE): Delayed 2 second(s)

2022-06-28 15:47:41 - [MESSAGE][PASSED] - Delayed 2 second(s)

2022-06-28 15:47:41 - [TEST_STEP][PASSED] - elementAccount = findElement(findTestObject("DMS_FINA_Mobile/FINA_BottomNav_Account_Button"), 10): null

2022-06-28 15:47:45 - [TEST_STEP][PASSED] - elementAccount.click(): null

2022-06-28 15:47:45 - [TEST_STEP][PASSED] - delay(2): Delayed 2 second(s)

2022-06-28 15:47:48 - [MESSAGE][PASSED] - Delayed 2 second(s)

2022-06-28 15:47:48 - [TEST_STEP][PASSED] - takeScreenshotAsCheckpoint(baseDir + sspathasuransicakpro + "skenario-6.2-berhasil login" + ".png", STOP_ON_FAILURE): Screenshot is taken

2022-06-28 15:47:49 - [MESSAGE][INFO] - 0 hidden object(s)

2022-06-28 15:47:49 - [MESSAGE][PASSED] - Screenshot is taken
[[ATTACHMENT|C:\Users\Nia Yusniati\Git_Asa\katalon-fina\Screenshots\mobile\cakpro\keyes\keyes-skenario-6.2-berhasil login.png]]

2022-06-28 15:47:49 - [TEST_STEP][PASSED] - elementHome = findElement(findTestObject("DMS_FINA_Mobile/FINA_BottomNav_Home_Button"), 10): null

2022-06-28 15:47:50 - [TEST_STEP][PASSED] - elementHome.click(): null]]></system-out>
         <system-err><![CDATA[]]></system-err>
      </testcase>
      <testcase name="Test Cases/DMS_Renewal dan Upgrade Asuransi Aswata/Matriks 6/6.3. Tracking Pengajuan" time="74.739" classname="Test Cases/DMS_Renewal dan Upgrade Asuransi Aswata/Matriks 6/6.3. Tracking Pengajuan" status="PASSED">
         <system-out><![CDATA[2022-06-28 15:47:50 - [TEST_CASE][PASSED] - Test Cases/DMS_Renewal dan Upgrade Asuransi Aswata/Matriks 6/6.3. Tracking Pengajuan: Test Cases/DMS_Renewal dan Upgrade Asuransi Aswata/Matriks 6/6.3. Tracking Pengajuan

2022-06-28 15:47:51 - [TEST_STEP][PASSED] - baseDir = System.getProperty("user.dir"): null

2022-06-28 15:47:51 - [TEST_STEP][PASSED] - startExistingApplication("com.vq.mbrochuregp.client.android", STOP_ON_FAILURE): Starting app with application ID: 'com.vq.mbrochuregp.client.android'

2022-06-28 15:48:02 - [MESSAGE][PASSED] - Starting app with application ID: 'com.vq.mbrochuregp.client.android'

2022-06-28 15:48:02 - [TEST_STEP][PASSED] - delay(8): Delayed 8 second(s)

2022-06-28 15:48:10 - [MESSAGE][PASSED] - Delayed 8 second(s)

2022-06-28 15:48:10 - [TEST_STEP][PASSED] - pressBack(): Press back button successfully

2022-06-28 15:48:11 - [MESSAGE][PASSED] - Press back button successfully

2022-06-28 15:48:11 - [TEST_STEP][PASSED] - tap(findTestObject("DMS_FINA_Mobile/FINA_Login/android.widget.Button - TIDAK"), 0): Tapped on element 'Object Repository/DMS_FINA_Mobile/FINA_Login/android.widget.Button - TIDAK'

2022-06-28 15:48:11 - [MESSAGE][WARNING] - Timeout '0' is invalid. Using default page load timeout: '30'

2022-06-28 15:48:13 - [MESSAGE][PASSED] - Tapped on element 'Object Repository/DMS_FINA_Mobile/FINA_Login/android.widget.Button - TIDAK'

2022-06-28 15:48:13 - [TEST_STEP][PASSED] - tap(findTestObject("DMS_FINA_Mobile/FINA_Mobile_Main Menu/FINA_Menu_More_Button"), 0): Tapped on element 'Object Repository/DMS_FINA_Mobile/FINA_Mobile_Main Menu/FINA_Menu_More_Button'

2022-06-28 15:48:13 - [MESSAGE][WARNING] - Timeout '0' is invalid. Using default page load timeout: '30'

2022-06-28 15:48:14 - [MESSAGE][PASSED] - Tapped on element 'Object Repository/DMS_FINA_Mobile/FINA_Mobile_Main Menu/FINA_Menu_More_Button'

2022-06-28 15:48:14 - [TEST_STEP][PASSED] - tap(findTestObject("APN_Fina New Versi/More/Tracking/Fina_Menu_More_Tracking"), 0): Tapped on element 'Object Repository/APN_Fina New Versi/More/Tracking/Fina_Menu_More_Tracking'

2022-06-28 15:48:14 - [MESSAGE][WARNING] - Timeout '0' is invalid. Using default page load timeout: '30'

2022-06-28 15:48:16 - [MESSAGE][PASSED] - Tapped on element 'Object Repository/APN_Fina New Versi/More/Tracking/Fina_Menu_More_Tracking'

2022-06-28 15:48:16 - [TEST_STEP][PASSED] - delay(15): Delayed 15 second(s)

2022-06-28 15:48:31 - [MESSAGE][PASSED] - Delayed 15 second(s)

2022-06-28 15:48:31 - [TEST_STEP][PASSED] - takeScreenshotAsCheckpoint(baseDir + sspathasuransicakpro + "skenario-6.8-list pengajuan" + ".png", STOP_ON_FAILURE): Screenshot is taken

2022-06-28 15:48:32 - [MESSAGE][INFO] - 0 hidden object(s)

2022-06-28 15:48:33 - [MESSAGE][PASSED] - Screenshot is taken
[[ATTACHMENT|C:\Users\Nia Yusniati\Git_Asa\katalon-fina\Screenshots\mobile\cakpro\keyes\keyes-skenario-6.8-list pengajuan.png]]

2022-06-28 15:48:33 - [TEST_STEP][PASSED] - tap(findTestObject("APN_Fina New Versi/More/Tracking/Fina_Menu_More_Tracking_ListData1"), 0): Tapped on element 'Object Repository/APN_Fina New Versi/More/Tracking/Fina_Menu_More_Tracking_ListData1'

2022-06-28 15:48:33 - [MESSAGE][WARNING] - Timeout '0' is invalid. Using default page load timeout: '30'

2022-06-28 15:48:33 - [MESSAGE][PASSED] - Tapped on element 'Object Repository/APN_Fina New Versi/More/Tracking/Fina_Menu_More_Tracking_ListData1'

2022-06-28 15:48:33 - [TEST_STEP][PASSED] - delay(15): Delayed 15 second(s)

2022-06-28 15:48:49 - [MESSAGE][PASSED] - Delayed 15 second(s)

2022-06-28 15:48:49 - [TEST_STEP][PASSED] - takeScreenshotAsCheckpoint(baseDir + sspathasuransicakpro + "skenario-6.9-detail pengajuan" + ".png", STOP_ON_FAILURE): Screenshot is taken

2022-06-28 15:48:50 - [MESSAGE][INFO] - 0 hidden object(s)

2022-06-28 15:48:50 - [MESSAGE][PASSED] - Screenshot is taken
[[ATTACHMENT|C:\Users\Nia Yusniati\Git_Asa\katalon-fina\Screenshots\mobile\cakpro\keyes\keyes-skenario-6.9-detail pengajuan.png]]

2022-06-28 15:48:51 - [TEST_STEP][PASSED] - pressBack(): Press back button successfully

2022-06-28 15:48:51 - [MESSAGE][PASSED] - Press back button successfully

2022-06-28 15:48:51 - [TEST_STEP][PASSED] - pressBack(): Press back button successfully

2022-06-28 15:48:53 - [MESSAGE][PASSED] - Press back button successfully

2022-06-28 15:48:53 - [TEST_STEP][PASSED] - pressBack(): Press back button successfully

2022-06-28 15:48:54 - [MESSAGE][PASSED] - Press back button successfully

2022-06-28 15:48:54 - [TEST_STEP][PASSED] - Account = findElement(findTestObject("Object Repository/DMS_FINA_Mobile/FINA_BottomNav_Account_Button"), 10): null

2022-06-28 15:48:55 - [TEST_STEP][PASSED] - Account.click(): null

2022-06-28 15:48:55 - [TEST_STEP][PASSED] - delay(10): Delayed 10 second(s)

2022-06-28 15:49:05 - [MESSAGE][PASSED] - Delayed 10 second(s)]]></system-out>
         <system-err><![CDATA[]]></system-err>
      </testcase>
      <testcase name="Test Cases/DMS_Renewal dan Upgrade Asuransi Aswata/Matriks 7/7.1. Login - konsumen" time="37.21" classname="Test Cases/DMS_Renewal dan Upgrade Asuransi Aswata/Matriks 7/7.1. Login - konsumen" status="PASSED">
         <system-out><![CDATA[2022-06-28 15:49:05 - [TEST_CASE][PASSED] - Test Cases/DMS_Renewal dan Upgrade Asuransi Aswata/Matriks 7/7.1. Login - konsumen: Test Cases/DMS_Renewal dan Upgrade Asuransi Aswata/Matriks 7/7.1. Login - konsumen

2022-06-28 15:49:06 - [TEST_STEP][PASSED] - baseDir = System.getProperty("user.dir"): null

2022-06-28 15:49:06 - [TEST_STEP][PASSED] - startExistingApplication("com.vq.mbrochuregp.client.android", STOP_ON_FAILURE): Starting app with application ID: 'com.vq.mbrochuregp.client.android'

2022-06-28 15:49:16 - [MESSAGE][PASSED] - Starting app with application ID: 'com.vq.mbrochuregp.client.android'

2022-06-28 15:49:16 - [TEST_STEP][PASSED] - delay(8): Delayed 8 second(s)

2022-06-28 15:49:24 - [MESSAGE][PASSED] - Delayed 8 second(s)

2022-06-28 15:49:24 - [TEST_STEP][PASSED] - element = findElement(findTestObject("DMS_FINA_Mobile/FINA_BottomNav_Account_Button"), 10): null

2022-06-28 15:49:25 - [TEST_STEP][PASSED] - element.click(): null

2022-06-28 15:49:25 - [TEST_STEP][PASSED] - setText(findTestObject("DMS_FINA_Mobile/FINA_Login/Login_Text"), findTestData("DMS_Asr_Cakpro").getObjectValue("Login", 29), 0): Text 'triovita@mailinator.com' has been set to element 'Object Repository/DMS_FINA_Mobile/FINA_Login/Login_Text'

2022-06-28 15:49:25 - [MESSAGE][WARNING] - Timeout '0' is invalid. Using default page load timeout: '30'

2022-06-28 15:49:27 - [MESSAGE][PASSED] - Text 'triovita@mailinator.com' has been set to element 'Object Repository/DMS_FINA_Mobile/FINA_Login/Login_Text'

2022-06-28 15:49:27 - [TEST_STEP][PASSED] - setText(findTestObject("DMS_FINA_Mobile/FINA_Login/Login_Password_Text"), findTestData("DMS_Asr_Cakpro").getObjectValue("Pass", 29), 0): Text '123abc' has been set to element 'Object Repository/DMS_FINA_Mobile/FINA_Login/Login_Password_Text'

2022-06-28 15:49:27 - [MESSAGE][WARNING] - Timeout '0' is invalid. Using default page load timeout: '30'

2022-06-28 15:49:29 - [MESSAGE][PASSED] - Text '123abc' has been set to element 'Object Repository/DMS_FINA_Mobile/FINA_Login/Login_Password_Text'

2022-06-28 15:49:29 - [TEST_STEP][PASSED] - takeScreenshotAsCheckpoint(baseDir + sspathasuransicakpro + "skenario-7.1-input username dan password" + ".png", STOP_ON_FAILURE): Screenshot is taken

2022-06-28 15:49:30 - [MESSAGE][INFO] - 0 hidden object(s)

2022-06-28 15:49:30 - [MESSAGE][PASSED] - Screenshot is taken
[[ATTACHMENT|C:\Users\Nia Yusniati\Git_Asa\katalon-fina\Screenshots\mobile\cakpro\keyes\keyes-skenario-7.1-input username dan password.png]]

2022-06-28 15:49:30 - [TEST_STEP][PASSED] - tap(findTestObject("DMS_FINA_Mobile/FINA_Login/FINA_Login_Button"), 0): Tapped on element 'Object Repository/DMS_FINA_Mobile/FINA_Login/FINA_Login_Button'

2022-06-28 15:49:31 - [MESSAGE][WARNING] - Timeout '0' is invalid. Using default page load timeout: '30'

2022-06-28 15:49:31 - [MESSAGE][PASSED] - Tapped on element 'Object Repository/DMS_FINA_Mobile/FINA_Login/FINA_Login_Button'

2022-06-28 15:49:31 - [TEST_STEP][PASSED] - delay(2, STOP_ON_FAILURE): Delayed 2 second(s)

2022-06-28 15:49:33 - [MESSAGE][PASSED] - Delayed 2 second(s)

2022-06-28 15:49:33 - [TEST_STEP][PASSED] - elementAccount = findElement(findTestObject("DMS_FINA_Mobile/FINA_BottomNav_Account_Button"), 10): null

2022-06-28 15:49:37 - [TEST_STEP][PASSED] - elementAccount.click(): null

2022-06-28 15:49:38 - [TEST_STEP][PASSED] - delay(2): Delayed 2 second(s)

2022-06-28 15:49:40 - [MESSAGE][PASSED] - Delayed 2 second(s)

2022-06-28 15:49:40 - [TEST_STEP][PASSED] - takeScreenshotAsCheckpoint(baseDir + sspathasuransicakpro + "skenario-7.2-berhasil login" + ".png", STOP_ON_FAILURE): Screenshot is taken

2022-06-28 15:49:41 - [MESSAGE][INFO] - 0 hidden object(s)

2022-06-28 15:49:41 - [MESSAGE][PASSED] - Screenshot is taken
[[ATTACHMENT|C:\Users\Nia Yusniati\Git_Asa\katalon-fina\Screenshots\mobile\cakpro\keyes\keyes-skenario-7.2-berhasil login.png]]

2022-06-28 15:49:41 - [TEST_STEP][PASSED] - elementHome = findElement(findTestObject("DMS_FINA_Mobile/FINA_BottomNav_Home_Button"), 10): null

2022-06-28 15:49:42 - [TEST_STEP][PASSED] - elementHome.click(): null]]></system-out>
         <system-err><![CDATA[]]></system-err>
      </testcase>
      <testcase name="Test Cases/DMS_Renewal dan Upgrade Asuransi Aswata/Matriks 7/7.3. Tracking Pengajuan" time="82.418" classname="Test Cases/DMS_Renewal dan Upgrade Asuransi Aswata/Matriks 7/7.3. Tracking Pengajuan" status="PASSED">
         <system-out><![CDATA[2022-06-28 15:49:42 - [TEST_CASE][PASSED] - Test Cases/DMS_Renewal dan Upgrade Asuransi Aswata/Matriks 7/7.3. Tracking Pengajuan: Test Cases/DMS_Renewal dan Upgrade Asuransi Aswata/Matriks 7/7.3. Tracking Pengajuan

2022-06-28 15:49:43 - [TEST_STEP][PASSED] - baseDir = System.getProperty("user.dir"): null

2022-06-28 15:49:43 - [TEST_STEP][PASSED] - startExistingApplication("com.vq.mbrochuregp.client.android", STOP_ON_FAILURE): Starting app with application ID: 'com.vq.mbrochuregp.client.android'

2022-06-28 15:49:54 - [MESSAGE][PASSED] - Starting app with application ID: 'com.vq.mbrochuregp.client.android'

2022-06-28 15:49:54 - [TEST_STEP][PASSED] - delay(8): Delayed 8 second(s)

2022-06-28 15:50:02 - [MESSAGE][PASSED] - Delayed 8 second(s)

2022-06-28 15:50:02 - [TEST_STEP][PASSED] - pressBack(): Press back button successfully

2022-06-28 15:50:07 - [MESSAGE][PASSED] - Press back button successfully

2022-06-28 15:50:07 - [TEST_STEP][PASSED] - tap(findTestObject("DMS_FINA_Mobile/FINA_Login/android.widget.Button - TIDAK"), 0): Tapped on element 'Object Repository/DMS_FINA_Mobile/FINA_Login/android.widget.Button - TIDAK'

2022-06-28 15:50:07 - [MESSAGE][WARNING] - Timeout '0' is invalid. Using default page load timeout: '30'

2022-06-28 15:50:11 - [MESSAGE][PASSED] - Tapped on element 'Object Repository/DMS_FINA_Mobile/FINA_Login/android.widget.Button - TIDAK'

2022-06-28 15:50:11 - [TEST_STEP][PASSED] - tap(findTestObject("DMS_FINA_Mobile/FINA_Mobile_Main Menu/FINA_Menu_More_Button"), 0): Tapped on element 'Object Repository/DMS_FINA_Mobile/FINA_Mobile_Main Menu/FINA_Menu_More_Button'

2022-06-28 15:50:11 - [MESSAGE][WARNING] - Timeout '0' is invalid. Using default page load timeout: '30'

2022-06-28 15:50:12 - [MESSAGE][PASSED] - Tapped on element 'Object Repository/DMS_FINA_Mobile/FINA_Mobile_Main Menu/FINA_Menu_More_Button'

2022-06-28 15:50:12 - [TEST_STEP][PASSED] - tap(findTestObject("APN_Fina New Versi/More/Tracking/Fina_Menu_More_Tracking"), 0): Tapped on element 'Object Repository/APN_Fina New Versi/More/Tracking/Fina_Menu_More_Tracking'

2022-06-28 15:50:12 - [MESSAGE][WARNING] - Timeout '0' is invalid. Using default page load timeout: '30'

2022-06-28 15:50:14 - [MESSAGE][PASSED] - Tapped on element 'Object Repository/APN_Fina New Versi/More/Tracking/Fina_Menu_More_Tracking'

2022-06-28 15:50:14 - [TEST_STEP][PASSED] - delay(15): Delayed 15 second(s)

2022-06-28 15:50:29 - [MESSAGE][PASSED] - Delayed 15 second(s)

2022-06-28 15:50:29 - [TEST_STEP][PASSED] - takeScreenshotAsCheckpoint(baseDir + sspathasuransicakpro + "skenario-7.8-list pengajuan" + ".png", STOP_ON_FAILURE): Screenshot is taken

2022-06-28 15:50:31 - [MESSAGE][INFO] - 0 hidden object(s)

2022-06-28 15:50:31 - [MESSAGE][PASSED] - Screenshot is taken
[[ATTACHMENT|C:\Users\Nia Yusniati\Git_Asa\katalon-fina\Screenshots\mobile\cakpro\keyes\keyes-skenario-7.8-list pengajuan.png]]

2022-06-28 15:50:31 - [TEST_STEP][PASSED] - tap(findTestObject("APN_Fina New Versi/More/Tracking/Fina_Menu_More_Tracking_ListData1"), 0): Tapped on element 'Object Repository/APN_Fina New Versi/More/Tracking/Fina_Menu_More_Tracking_ListData1'

2022-06-28 15:50:31 - [MESSAGE][WARNING] - Timeout '0' is invalid. Using default page load timeout: '30'

2022-06-28 15:50:32 - [MESSAGE][PASSED] - Tapped on element 'Object Repository/APN_Fina New Versi/More/Tracking/Fina_Menu_More_Tracking_ListData1'

2022-06-28 15:50:32 - [TEST_STEP][PASSED] - delay(15): Delayed 15 second(s)

2022-06-28 15:50:47 - [MESSAGE][PASSED] - Delayed 15 second(s)

2022-06-28 15:50:47 - [TEST_STEP][PASSED] - takeScreenshotAsCheckpoint(baseDir + sspathasuransicakpro + "skenario-7.9-detail pengajuan" + ".png", STOP_ON_FAILURE): Screenshot is taken

2022-06-28 15:50:49 - [MESSAGE][INFO] - 0 hidden object(s)

2022-06-28 15:50:49 - [MESSAGE][PASSED] - Screenshot is taken
[[ATTACHMENT|C:\Users\Nia Yusniati\Git_Asa\katalon-fina\Screenshots\mobile\cakpro\keyes\keyes-skenario-7.9-detail pengajuan.png]]

2022-06-28 15:50:49 - [TEST_STEP][PASSED] - pressBack(): Press back button successfully

2022-06-28 15:50:50 - [MESSAGE][PASSED] - Press back button successfully

2022-06-28 15:50:50 - [TEST_STEP][PASSED] - pressBack(): Press back button successfully

2022-06-28 15:50:52 - [MESSAGE][PASSED] - Press back button successfully

2022-06-28 15:50:52 - [TEST_STEP][PASSED] - pressBack(): Press back button successfully

2022-06-28 15:50:53 - [MESSAGE][PASSED] - Press back button successfully

2022-06-28 15:50:53 - [TEST_STEP][PASSED] - Account = findElement(findTestObject("Object Repository/DMS_FINA_Mobile/FINA_BottomNav_Account_Button"), 10): null

2022-06-28 15:50:54 - [TEST_STEP][PASSED] - Account.click(): null

2022-06-28 15:50:55 - [TEST_STEP][PASSED] - delay(10): Delayed 10 second(s)

2022-06-28 15:51:05 - [MESSAGE][PASSED] - Delayed 10 second(s)]]></system-out>
         <system-err><![CDATA[]]></system-err>
      </testcase>
      <system-out><![CDATA[2022-06-28 15:37:31 - [TEST_SUITE][PASSED] - Tracking (1 - 7 ): Test Cases/DMS_Renewal dan Upgrade Asuransi Aswata/Matriks 7/7.3. Tracking Pengajuan]]></system-out>
      <system-err><![CDATA[]]></system-err>
   </testsuite>
</testsuites>
