<?xml version="1.0" encoding="UTF-8"?>
<testsuites name="1. Login - submit" time="167.593" tests="2" failures="0" errors="0">
   <testsuite name="1. Login - submit" tests="2" failures="0" errors="0" time="167.593" skipped="0" timestamp="2022-06-16 09:56:28" hostname="Nia Yusniati - Apandi" id="Test Suites/Upgrade - renewal FINA - Aswata/9.13/1. Login - submit">
      <properties>
[...]
</properties>
      <testcase name="Test Cases/DMS_Renewal dan Upgrade Asuransi Aswata/Matriks 9.13/13.1. Login - konsumen" time="53.687" classname="Test Cases/DMS_Renewal dan Upgrade Asuransi Aswata/Matriks 9.13/13.1. Login - konsumen" status="PASSED">
         <system-out><![CDATA[2022-06-16 09:56:29 - [TEST_CASE][PASSED] - Test Cases/DMS_Renewal dan Upgrade Asuransi Aswata/Matriks 9.13/13.1. Login - konsumen: Test Cases/DMS_Renewal dan Upgrade Asuransi Aswata/Matriks 9.13/13.1. Login - konsumen

2022-06-16 09:56:30 - [TEST_STEP][PASSED] - baseDir = System.getProperty("user.dir"): null

2022-06-16 09:56:30 - [TEST_STEP][PASSED] - startExistingApplication("com.vq.mbrochuregp.client.android", STOP_ON_FAILURE): Starting app with application ID: 'com.vq.mbrochuregp.client.android'

2022-06-16 09:56:34 - [MESSAGE][INFO] - Appium server started on port 55,596

2022-06-16 09:56:48 - [MESSAGE][PASSED] - Starting app with application ID: 'com.vq.mbrochuregp.client.android'

2022-06-16 09:56:48 - [TEST_STEP][PASSED] - delay(8): Delayed 8 second(s)

2022-06-16 09:56:56 - [MESSAGE][PASSED] - Delayed 8 second(s)

2022-06-16 09:56:56 - [TEST_STEP][PASSED] - element = findElement(findTestObject("DMS_FINA_Mobile/FINA_BottomNav_Account_Button"), 10): null

2022-06-16 09:56:58 - [TEST_STEP][PASSED] - element.click(): null

2022-06-16 09:56:59 - [TEST_STEP][PASSED] - setText(findTestObject("DMS_FINA_Mobile/FINA_Login/Login_Text"), findTestData("DMS_Asr_Cakpro").getObjectValue("Login", 58), 0): Text 'todoroki@mailinator.com' has been set to element 'Object Repository/DMS_FINA_Mobile/FINA_Login/Login_Text'

2022-06-16 09:57:00 - [MESSAGE][WARNING] - Timeout '0' is invalid. Using default page load timeout: '30'

2022-06-16 09:57:01 - [MESSAGE][PASSED] - Text 'todoroki@mailinator.com' has been set to element 'Object Repository/DMS_FINA_Mobile/FINA_Login/Login_Text'

2022-06-16 09:57:01 - [TEST_STEP][PASSED] - setText(findTestObject("DMS_FINA_Mobile/FINA_Login/Login_Password_Text"), findTestData("DMS_Asr_Cakpro").getObjectValue("Pass", 58), 0): Text '123abc' has been set to element 'Object Repository/DMS_FINA_Mobile/FINA_Login/Login_Password_Text'

2022-06-16 09:57:02 - [MESSAGE][WARNING] - Timeout '0' is invalid. Using default page load timeout: '30'

2022-06-16 09:57:03 - [MESSAGE][PASSED] - Text '123abc' has been set to element 'Object Repository/DMS_FINA_Mobile/FINA_Login/Login_Password_Text'

2022-06-16 09:57:03 - [TEST_STEP][PASSED] - takeScreenshotAsCheckpoint(baseDir + sspathasuransicakpro + "skenario-13.1-input username dan password" + ".png", STOP_ON_FAILURE): Screenshot is taken

2022-06-16 09:57:06 - [MESSAGE][INFO] - 0 hidden object(s)

2022-06-16 09:57:07 - [MESSAGE][PASSED] - Screenshot is taken
[[ATTACHMENT|C:\Users\Nia Yusniati\Git_Asa\katalon-fina\Screenshots\mobile\cakpro\keyes\keyes-skenario-13.1-input username dan password.png]]

2022-06-16 09:57:07 - [TEST_STEP][PASSED] - tap(findTestObject("DMS_FINA_Mobile/FINA_Login/FINA_Login_Button"), 0): Tapped on element 'Object Repository/DMS_FINA_Mobile/FINA_Login/FINA_Login_Button'

2022-06-16 09:57:07 - [MESSAGE][WARNING] - Timeout '0' is invalid. Using default page load timeout: '30'

2022-06-16 09:57:07 - [MESSAGE][PASSED] - Tapped on element 'Object Repository/DMS_FINA_Mobile/FINA_Login/FINA_Login_Button'

2022-06-16 09:57:07 - [TEST_STEP][PASSED] - delay(0, STOP_ON_FAILURE): Delayed 0 second(s)

2022-06-16 09:57:07 - [MESSAGE][PASSED] - Delayed 0 second(s)

2022-06-16 09:57:07 - [TEST_STEP][PASSED] - scrollToText("Suku Bunga", STOP_ON_FAILURE): Scrolling to text 'Suku Bunga' successfully

2022-06-16 09:57:15 - [MESSAGE][PASSED] - Scrolling to text 'Suku Bunga' successfully

2022-06-16 09:57:15 - [TEST_STEP][PASSED] - elementAccount = findElement(findTestObject("DMS_FINA_Mobile/FINA_BottomNav_Account_Button"), 10): null

2022-06-16 09:57:17 - [TEST_STEP][PASSED] - elementAccount.click(): null

2022-06-16 09:57:17 - [TEST_STEP][PASSED] - delay(2): Delayed 2 second(s)

2022-06-16 09:57:19 - [MESSAGE][PASSED] - Delayed 2 second(s)

2022-06-16 09:57:19 - [TEST_STEP][PASSED] - takeScreenshotAsCheckpoint(baseDir + sspathasuransicakpro + "skenario-13.2-berhasil login" + ".png", STOP_ON_FAILURE): Screenshot is taken

2022-06-16 09:57:21 - [MESSAGE][INFO] - 0 hidden object(s)

2022-06-16 09:57:21 - [MESSAGE][PASSED] - Screenshot is taken
[[ATTACHMENT|C:\Users\Nia Yusniati\Git_Asa\katalon-fina\Screenshots\mobile\cakpro\keyes\keyes-skenario-13.2-berhasil login.png]]

2022-06-16 09:57:21 - [TEST_STEP][PASSED] - elementHome = findElement(findTestObject("DMS_FINA_Mobile/FINA_BottomNav_Home_Button"), 10): null

2022-06-16 09:57:22 - [TEST_STEP][PASSED] - elementHome.click(): null]]></system-out>
         <system-err><![CDATA[]]></system-err>
      </testcase>
      <testcase name="Test Cases/DMS_Renewal dan Upgrade Asuransi Aswata/Matriks 9.13/13.2. Renewal Asuransi" time="111.909" classname="Test Cases/DMS_Renewal dan Upgrade Asuransi Aswata/Matriks 9.13/13.2. Renewal Asuransi" status="PASSED">
         <system-out><![CDATA[2022-06-16 09:57:22 - [TEST_CASE][PASSED] - Test Cases/DMS_Renewal dan Upgrade Asuransi Aswata/Matriks 9.13/13.2. Renewal Asuransi: Test Cases/DMS_Renewal dan Upgrade Asuransi Aswata/Matriks 9.13/13.2. Renewal Asuransi

2022-06-16 09:57:23 - [TEST_STEP][PASSED] - baseDir = System.getProperty("user.dir"): null

2022-06-16 09:57:23 - [TEST_STEP][PASSED] - startExistingApplication("com.vq.mbrochuregp.client.android", STOP_ON_FAILURE): Starting app with application ID: 'com.vq.mbrochuregp.client.android'

2022-06-16 09:57:34 - [MESSAGE][PASSED] - Starting app with application ID: 'com.vq.mbrochuregp.client.android'

2022-06-16 09:57:34 - [TEST_STEP][PASSED] - delay(8): Delayed 8 second(s)

2022-06-16 09:57:42 - [MESSAGE][PASSED] - Delayed 8 second(s)

2022-06-16 09:57:42 - [TEST_STEP][PASSED] - pressBack(): Press back button successfully

2022-06-16 09:57:43 - [MESSAGE][PASSED] - Press back button successfully

2022-06-16 09:57:43 - [TEST_STEP][PASSED] - tap(findTestObject("DMS_FINA_Mobile/FINA_Login/android.widget.Button - TIDAK"), 0): Tapped on element 'Object Repository/DMS_FINA_Mobile/FINA_Login/android.widget.Button - TIDAK'

2022-06-16 09:57:43 - [MESSAGE][WARNING] - Timeout '0' is invalid. Using default page load timeout: '30'

2022-06-16 09:57:44 - [MESSAGE][PASSED] - Tapped on element 'Object Repository/DMS_FINA_Mobile/FINA_Login/android.widget.Button - TIDAK'

2022-06-16 09:57:44 - [TEST_STEP][PASSED] - tap(findTestObject("DMS_FINA_Mobile/FINA_Mobile_Main Menu/FINA_Menu_More_Button"), 0): Tapped on element 'Object Repository/DMS_FINA_Mobile/FINA_Mobile_Main Menu/FINA_Menu_More_Button'

2022-06-16 09:57:44 - [MESSAGE][WARNING] - Timeout '0' is invalid. Using default page load timeout: '30'

2022-06-16 09:57:45 - [MESSAGE][PASSED] - Tapped on element 'Object Repository/DMS_FINA_Mobile/FINA_Mobile_Main Menu/FINA_Menu_More_Button'

2022-06-16 09:57:45 - [TEST_STEP][PASSED] - tap(findTestObject("DMS_FINA_Mobile/FINA_Menu_More Menu/Features/FINA_More_RenewalAsr_Button"), 0): Tapped on element 'Object Repository/DMS_FINA_Mobile/FINA_Menu_More Menu/Features/FINA_More_RenewalAsr_Button'

2022-06-16 09:57:45 - [MESSAGE][WARNING] - Timeout '0' is invalid. Using default page load timeout: '30'

2022-06-16 09:57:46 - [MESSAGE][PASSED] - Tapped on element 'Object Repository/DMS_FINA_Mobile/FINA_Menu_More Menu/Features/FINA_More_RenewalAsr_Button'

2022-06-16 09:57:46 - [TEST_STEP][PASSED] - delay(30): Delayed 30 second(s)

2022-06-16 09:58:16 - [MESSAGE][PASSED] - Delayed 30 second(s)

2022-06-16 09:58:16 - [TEST_STEP][PASSED] - takeScreenshotAsCheckpoint(baseDir + sspathasuransiraksa + "skenario-13.3-list kendaraan" + ".png", STOP_ON_FAILURE): Screenshot is taken

2022-06-16 09:58:18 - [MESSAGE][INFO] - 0 hidden object(s)

2022-06-16 09:58:18 - [MESSAGE][PASSED] - Screenshot is taken
[[ATTACHMENT|C:\Users\Nia Yusniati\Git_Asa\katalon-fina\Screenshots\mobile\raksa\keyes\keyes-skenario-13.3-list kendaraan.png]]

2022-06-16 09:58:18 - [TEST_STEP][PASSED] - tap(findTestObject("APN_Fina New Versi/List Data/Renewal 1-2"), 0): Tapped on element 'Object Repository/APN_Fina New Versi/List Data/Renewal 1-2'

2022-06-16 09:58:18 - [MESSAGE][WARNING] - Timeout '0' is invalid. Using default page load timeout: '30'

2022-06-16 09:58:19 - [MESSAGE][PASSED] - Tapped on element 'Object Repository/APN_Fina New Versi/List Data/Renewal 1-2'

2022-06-16 09:58:19 - [TEST_STEP][PASSED] - delay(10): Delayed 10 second(s)

2022-06-16 09:58:29 - [MESSAGE][PASSED] - Delayed 10 second(s)

2022-06-16 09:58:29 - [TEST_STEP][PASSED] - "start": null

2022-06-16 09:58:29 - [TEST_STEP][PASSED] - device_Height = getDeviceHeight(): Current device physical height is 2131

2022-06-16 09:58:29 - [MESSAGE][PASSED] - Current device physical height is 2131

2022-06-16 09:58:29 - [TEST_STEP][PASSED] - device_Width = getDeviceWidth(): Current device physical width is 1080

2022-06-16 09:58:30 - [MESSAGE][PASSED] - Current device physical width is 1080

2022-06-16 09:58:30 - [TEST_STEP][PASSED] - startX = device_Width / 2: null

2022-06-16 09:58:30 - [TEST_STEP][PASSED] - endX = startX: null

2022-06-16 09:58:30 - [TEST_STEP][PASSED] - startY = device_Height * 0.30: null

2022-06-16 09:58:30 - [TEST_STEP][PASSED] - endY = device_Height * 0.70: null

2022-06-16 09:58:30 - [TEST_STEP][PASSED] - swipe(startX, endY, endX, startY): Swiped from 540,1,491 to 540,639

2022-06-16 09:58:31 - [MESSAGE][PASSED] - Swiped from 540,1,491 to 540,639

2022-06-16 09:58:31 - [TEST_STEP][PASSED] - comment("end"): end

2022-06-16 09:58:31 - [MESSAGE][INFO] - end

2022-06-16 09:58:31 - [TEST_STEP][PASSED] - tap(findTestObject("DMS_FINA_Mobile/FINA_Renewal_Asuransi/FINA_RenewalAsr_DetailAsr_TLO 2thn_Radiobutton"), 0): Tapped on element 'Object Repository/DMS_FINA_Mobile/FINA_Renewal_Asuransi/FINA_RenewalAsr_DetailAsr_TLO 2thn_Radiobutton'

2022-06-16 09:58:31 - [MESSAGE][WARNING] - Timeout '0' is invalid. Using default page load timeout: '30'

2022-06-16 09:58:32 - [MESSAGE][PASSED] - Tapped on element 'Object Repository/DMS_FINA_Mobile/FINA_Renewal_Asuransi/FINA_RenewalAsr_DetailAsr_TLO 2thn_Radiobutton'

2022-06-16 09:58:32 - [TEST_STEP][PASSED] - delay(2): Delayed 2 second(s)

2022-06-16 09:58:34 - [MESSAGE][PASSED] - Delayed 2 second(s)

2022-06-16 09:58:34 - [TEST_STEP][PASSED] - takeScreenshotAsCheckpoint(baseDir + sspathasuransicakpro + "skenario-13.4-submit renewal" + ".png", STOP_ON_FAILURE): Screenshot is taken

2022-06-16 09:58:36 - [MESSAGE][INFO] - 0 hidden object(s)

2022-06-16 09:58:36 - [MESSAGE][PASSED] - Screenshot is taken
[[ATTACHMENT|C:\Users\Nia Yusniati\Git_Asa\katalon-fina\Screenshots\mobile\cakpro\keyes\keyes-skenario-13.4-submit renewal.png]]

2022-06-16 09:58:36 - [TEST_STEP][PASSED] - Lanjutkan = findElement(findTestObject("DMS_FINA_Mobile/FINA_Renewal_Asuransi/FINA_RenewalAsr_DetailAsr_Lanjutkan_Button"), 10): null

2022-06-16 09:58:37 - [TEST_STEP][PASSED] - Lanjutkan.click(): null

2022-06-16 09:58:37 - [TEST_STEP][PASSED] - setText(findTestObject("DMS_FINA_Mobile/FINA_Renewal_Asuransi/android.widget.EditText - Nomor Telepon  HP"), findTestData("DMS_Asr_Cakpro").getObjectValue("No tlp", 58), 0): Text '085710222995' has been set to element 'Object Repository/DMS_FINA_Mobile/FINA_Renewal_Asuransi/android.widget.EditText - Nomor Telepon  HP'

2022-06-16 09:58:37 - [MESSAGE][WARNING] - Timeout '0' is invalid. Using default page load timeout: '30'

2022-06-16 09:58:38 - [MESSAGE][PASSED] - Text '085710222995' has been set to element 'Object Repository/DMS_FINA_Mobile/FINA_Renewal_Asuransi/android.widget.EditText - Nomor Telepon  HP'

2022-06-16 09:58:38 - [TEST_STEP][PASSED] - delay(10): Delayed 10 second(s)

2022-06-16 09:58:48 - [MESSAGE][PASSED] - Delayed 10 second(s)

2022-06-16 09:58:48 - [TEST_STEP][PASSED] - takeScreenshotAsCheckpoint(baseDir + sspathasuransicakpro + "skenario-13.5-konfirmasi renewal" + ".png", STOP_ON_FAILURE): Screenshot is taken

2022-06-16 09:58:50 - [MESSAGE][INFO] - 0 hidden object(s)

2022-06-16 09:58:50 - [MESSAGE][PASSED] - Screenshot is taken
[[ATTACHMENT|C:\Users\Nia Yusniati\Git_Asa\katalon-fina\Screenshots\mobile\cakpro\keyes\keyes-skenario-13.5-konfirmasi renewal.png]]

2022-06-16 09:58:50 - [TEST_STEP][PASSED] - Submit = findElement(findTestObject("DMS_FINA_Mobile/FINA_Renewal_Asuransi/FINA_RenewalAsr_DetailAsr_Submit_Button"), 10): null

2022-06-16 09:58:51 - [TEST_STEP][PASSED] - Submit.click(): null

2022-06-16 09:58:51 - [TEST_STEP][PASSED] - tap(findTestObject("DMS_FINA_Mobile/FINA_Renewal_Asuransi/FINA_RenewalAsr_Submit_Ya_Button"), 0): Tapped on element 'Object Repository/DMS_FINA_Mobile/FINA_Renewal_Asuransi/FINA_RenewalAsr_Submit_Ya_Button'

2022-06-16 09:58:51 - [MESSAGE][WARNING] - Timeout '0' is invalid. Using default page load timeout: '30'

2022-06-16 09:58:52 - [MESSAGE][PASSED] - Tapped on element 'Object Repository/DMS_FINA_Mobile/FINA_Renewal_Asuransi/FINA_RenewalAsr_Submit_Ya_Button'

2022-06-16 09:58:52 - [TEST_STEP][PASSED] - delay(10): Delayed 10 second(s)

2022-06-16 09:59:02 - [MESSAGE][PASSED] - Delayed 10 second(s)

2022-06-16 09:59:02 - [TEST_STEP][PASSED] - takeScreenshotAsCheckpoint(baseDir + sspathasuransicakpro + "skenario-13.6-proses submit berhasil" + ".png", STOP_ON_FAILURE): Screenshot is taken

2022-06-16 09:59:03 - [MESSAGE][INFO] - 0 hidden object(s)

2022-06-16 09:59:04 - [MESSAGE][PASSED] - Screenshot is taken
[[ATTACHMENT|C:\Users\Nia Yusniati\Git_Asa\katalon-fina\Screenshots\mobile\cakpro\keyes\keyes-skenario-13.6-proses submit berhasil.png]]

2022-06-16 09:59:04 - [TEST_STEP][PASSED] - tap(findTestObject("DMS_FINA_Mobile/FINA_Renewal_Asuransi/FINA_RenewalAsr_Submit_Kembali_Button"), 0): Tapped on element 'Object Repository/DMS_FINA_Mobile/FINA_Renewal_Asuransi/FINA_RenewalAsr_Submit_Kembali_Button'

2022-06-16 09:59:04 - [MESSAGE][WARNING] - Timeout '0' is invalid. Using default page load timeout: '30'

2022-06-16 09:59:04 - [MESSAGE][PASSED] - Tapped on element 'Object Repository/DMS_FINA_Mobile/FINA_Renewal_Asuransi/FINA_RenewalAsr_Submit_Kembali_Button'

2022-06-16 09:59:04 - [TEST_STEP][PASSED] - pressBack(): Press back button successfully

2022-06-16 09:59:06 - [MESSAGE][PASSED] - Press back button successfully

2022-06-16 09:59:06 - [TEST_STEP][PASSED] - pressBack(): Press back button successfully

2022-06-16 09:59:07 - [MESSAGE][PASSED] - Press back button successfully

2022-06-16 09:59:07 - [TEST_STEP][PASSED] - Account = findElement(findTestObject("Object Repository/DMS_FINA_Mobile/FINA_BottomNav_Account_Button"), 10): null

2022-06-16 09:59:09 - [TEST_STEP][PASSED] - Account.click(): null

2022-06-16 09:59:09 - [TEST_STEP][PASSED] - delay(5): Delayed 5 second(s)

2022-06-16 09:59:14 - [MESSAGE][PASSED] - Delayed 5 second(s)]]></system-out>
         <system-err><![CDATA[]]></system-err>
      </testcase>
      <system-out><![CDATA[2022-06-16 09:56:28 - [TEST_SUITE][PASSED] - 1. Login - submit: Test Cases/DMS_Renewal dan Upgrade Asuransi Aswata/Matriks 9.13/13.2. Renewal Asuransi]]></system-out>
      <system-err><![CDATA[]]></system-err>
   </testsuite>
</testsuites>
