<?xml version="1.0" encoding="UTF-8"?>
<testsuites name="3. Login - billing belum dibayar" time="156.676" tests="2" failures="0" errors="0">
   <testsuite name="3. Login - billing belum dibayar" tests="2" failures="0" errors="0" time="156.676" skipped="0" timestamp="2022-06-16 16:17:48" hostname="Nia Yusniati - Apandi.mshome.net" id="Test Suites/Upgrade - renewal FINA - Aswata/9.14/3. Login - billing belum dibayar">
      <properties>
[...]
</properties>
      <testcase name="Test Cases/DMS_Renewal dan Upgrade Asuransi Aswata/Matriks 9.14/14.1. Login - konsumen" time="51.713" classname="Test Cases/DMS_Renewal dan Upgrade Asuransi Aswata/Matriks 9.14/14.1. Login - konsumen" status="PASSED">
         <system-out><![CDATA[2022-06-16 16:17:49 - [TEST_CASE][PASSED] - Test Cases/DMS_Renewal dan Upgrade Asuransi Aswata/Matriks 9.14/14.1. Login - konsumen: Test Cases/DMS_Renewal dan Upgrade Asuransi Aswata/Matriks 9.14/14.1. Login - konsumen

2022-06-16 16:17:50 - [TEST_STEP][PASSED] - baseDir = System.getProperty("user.dir"): null

2022-06-16 16:17:50 - [TEST_STEP][PASSED] - startExistingApplication("com.vq.mbrochuregp.client.android", STOP_ON_FAILURE): Starting app with application ID: 'com.vq.mbrochuregp.client.android'

2022-06-16 16:17:54 - [MESSAGE][INFO] - Appium server started on port 61,410

2022-06-16 16:18:07 - [MESSAGE][PASSED] - Starting app with application ID: 'com.vq.mbrochuregp.client.android'

2022-06-16 16:18:07 - [TEST_STEP][PASSED] - delay(8): Delayed 8 second(s)

2022-06-16 16:18:15 - [MESSAGE][PASSED] - Delayed 8 second(s)

2022-06-16 16:18:15 - [TEST_STEP][PASSED] - element = findElement(findTestObject("DMS_FINA_Mobile/FINA_BottomNav_Account_Button"), 10): null

2022-06-16 16:18:16 - [TEST_STEP][PASSED] - element.click(): null

2022-06-16 16:18:16 - [TEST_STEP][PASSED] - setText(findTestObject("DMS_FINA_Mobile/FINA_Login/Login_Text"), findTestData("DMS_Asr_Cakpro").getObjectValue("Login", 61), 0): Text 'luknul@mailinator.com' has been set to element 'Object Repository/DMS_FINA_Mobile/FINA_Login/Login_Text'

2022-06-16 16:18:18 - [MESSAGE][WARNING] - Timeout '0' is invalid. Using default page load timeout: '30'

2022-06-16 16:18:19 - [MESSAGE][PASSED] - Text 'luknul@mailinator.com' has been set to element 'Object Repository/DMS_FINA_Mobile/FINA_Login/Login_Text'

2022-06-16 16:18:19 - [TEST_STEP][PASSED] - setText(findTestObject("DMS_FINA_Mobile/FINA_Login/Login_Password_Text"), findTestData("DMS_Asr_Cakpro").getObjectValue("Pass", 61), 0): Text '123abc' has been set to element 'Object Repository/DMS_FINA_Mobile/FINA_Login/Login_Password_Text'

2022-06-16 16:18:19 - [MESSAGE][WARNING] - Timeout '0' is invalid. Using default page load timeout: '30'

2022-06-16 16:18:21 - [MESSAGE][PASSED] - Text '123abc' has been set to element 'Object Repository/DMS_FINA_Mobile/FINA_Login/Login_Password_Text'

2022-06-16 16:18:21 - [TEST_STEP][PASSED] - takeScreenshotAsCheckpoint(baseDir + sspathasuransicakpro + "skenario-14.1-input username dan password" + ".png", STOP_ON_FAILURE): Screenshot is taken

2022-06-16 16:18:24 - [MESSAGE][INFO] - 0 hidden object(s)

2022-06-16 16:18:24 - [MESSAGE][PASSED] - Screenshot is taken
[[ATTACHMENT|C:\Users\Nia Yusniati\Git_Asa\katalon-fina\Screenshots\mobile\cakpro\keyes\keyes-skenario-14.1-input username dan password.png]]

2022-06-16 16:18:24 - [TEST_STEP][PASSED] - tap(findTestObject("DMS_FINA_Mobile/FINA_Login/FINA_Login_Button"), 0): Tapped on element 'Object Repository/DMS_FINA_Mobile/FINA_Login/FINA_Login_Button'

2022-06-16 16:18:24 - [MESSAGE][WARNING] - Timeout '0' is invalid. Using default page load timeout: '30'

2022-06-16 16:18:25 - [MESSAGE][PASSED] - Tapped on element 'Object Repository/DMS_FINA_Mobile/FINA_Login/FINA_Login_Button'

2022-06-16 16:18:25 - [TEST_STEP][PASSED] - delay(0, STOP_ON_FAILURE): Delayed 0 second(s)

2022-06-16 16:18:25 - [MESSAGE][PASSED] - Delayed 0 second(s)

2022-06-16 16:18:25 - [TEST_STEP][PASSED] - scrollToText("Suku Bunga", STOP_ON_FAILURE): Scrolling to text 'Suku Bunga' successfully

2022-06-16 16:18:34 - [MESSAGE][PASSED] - Scrolling to text 'Suku Bunga' successfully

2022-06-16 16:18:34 - [TEST_STEP][PASSED] - elementAccount = findElement(findTestObject("DMS_FINA_Mobile/FINA_BottomNav_Account_Button"), 10): null

2022-06-16 16:18:36 - [TEST_STEP][PASSED] - elementAccount.click(): null

2022-06-16 16:18:36 - [TEST_STEP][PASSED] - delay(2): Delayed 2 second(s)

2022-06-16 16:18:38 - [MESSAGE][PASSED] - Delayed 2 second(s)

2022-06-16 16:18:38 - [TEST_STEP][PASSED] - takeScreenshotAsCheckpoint(baseDir + sspathasuransicakpro + "skenario-14.2-berhasil login" + ".png", STOP_ON_FAILURE): Screenshot is taken

2022-06-16 16:18:40 - [MESSAGE][INFO] - 0 hidden object(s)

2022-06-16 16:18:40 - [MESSAGE][PASSED] - Screenshot is taken
[[ATTACHMENT|C:\Users\Nia Yusniati\Git_Asa\katalon-fina\Screenshots\mobile\cakpro\keyes\keyes-skenario-14.2-berhasil login.png]]

2022-06-16 16:18:40 - [TEST_STEP][PASSED] - elementHome = findElement(findTestObject("DMS_FINA_Mobile/FINA_BottomNav_Home_Button"), 10): null

2022-06-16 16:18:40 - [TEST_STEP][PASSED] - elementHome.click(): null]]></system-out>
         <system-err><![CDATA[]]></system-err>
      </testcase>
      <testcase name="Test Cases/DMS_Renewal dan Upgrade Asuransi Aswata/Matriks 9.14/14.4. Billing belum dibayar" time="103.284" classname="Test Cases/DMS_Renewal dan Upgrade Asuransi Aswata/Matriks 9.14/14.4. Billing belum dibayar" status="PASSED">
         <system-out><![CDATA[2022-06-16 16:18:41 - [TEST_CASE][PASSED] - Test Cases/DMS_Renewal dan Upgrade Asuransi Aswata/Matriks 9.14/14.4. Billing belum dibayar: Test Cases/DMS_Renewal dan Upgrade Asuransi Aswata/Matriks 9.14/14.4. Billing belum dibayar

2022-06-16 16:18:41 - [TEST_STEP][PASSED] - baseDir = System.getProperty("user.dir"): null

2022-06-16 16:18:41 - [TEST_STEP][PASSED] - startExistingApplication("com.vq.mbrochuregp.client.android", STOP_ON_FAILURE): Starting app with application ID: 'com.vq.mbrochuregp.client.android'

2022-06-16 16:18:51 - [MESSAGE][PASSED] - Starting app with application ID: 'com.vq.mbrochuregp.client.android'

2022-06-16 16:18:51 - [TEST_STEP][PASSED] - delay(8): Delayed 8 second(s)

2022-06-16 16:18:59 - [MESSAGE][PASSED] - Delayed 8 second(s)

2022-06-16 16:18:59 - [TEST_STEP][PASSED] - pressBack(): Press back button successfully

2022-06-16 16:19:00 - [MESSAGE][PASSED] - Press back button successfully

2022-06-16 16:19:00 - [TEST_STEP][PASSED] - tap(findTestObject("DMS_FINA_Mobile/FINA_Login/android.widget.Button - TIDAK"), 0): Tapped on element 'Object Repository/DMS_FINA_Mobile/FINA_Login/android.widget.Button - TIDAK'

2022-06-16 16:19:00 - [MESSAGE][WARNING] - Timeout '0' is invalid. Using default page load timeout: '30'

2022-06-16 16:19:03 - [MESSAGE][PASSED] - Tapped on element 'Object Repository/DMS_FINA_Mobile/FINA_Login/android.widget.Button - TIDAK'

2022-06-16 16:19:03 - [TEST_STEP][PASSED] - tap(findTestObject("DMS_FINA_Mobile/FINA_BottomNav_Billing_Button"), 0): Tapped on element 'Object Repository/DMS_FINA_Mobile/FINA_BottomNav_Billing_Button'

2022-06-16 16:19:03 - [MESSAGE][WARNING] - Timeout '0' is invalid. Using default page load timeout: '30'

2022-06-16 16:19:05 - [MESSAGE][PASSED] - Tapped on element 'Object Repository/DMS_FINA_Mobile/FINA_BottomNav_Billing_Button'

2022-06-16 16:19:05 - [TEST_STEP][PASSED] - delay(20): Delayed 20 second(s)

2022-06-16 16:19:25 - [MESSAGE][PASSED] - Delayed 20 second(s)

2022-06-16 16:19:25 - [TEST_STEP][PASSED] - takeScreenshotAsCheckpoint(baseDir + sspathasuransicakpro + "skenario-14.10-list billing belum dibayar" + ".png", STOP_ON_FAILURE): Screenshot is taken

2022-06-16 16:19:27 - [MESSAGE][INFO] - 0 hidden object(s)

2022-06-16 16:19:27 - [MESSAGE][PASSED] - Screenshot is taken
[[ATTACHMENT|C:\Users\Nia Yusniati\Git_Asa\katalon-fina\Screenshots\mobile\cakpro\keyes\keyes-skenario-14.10-list billing belum dibayar.png]]

2022-06-16 16:19:27 - [TEST_STEP][PASSED] - tap(findTestObject("DMS_FINA_Mobile/FINA_Billing/FINA_Billing_Sudah Dibayar"), 0): Tapped on element 'Object Repository/DMS_FINA_Mobile/FINA_Billing/FINA_Billing_Sudah Dibayar'

2022-06-16 16:19:27 - [MESSAGE][WARNING] - Timeout '0' is invalid. Using default page load timeout: '30'

2022-06-16 16:19:29 - [MESSAGE][PASSED] - Tapped on element 'Object Repository/DMS_FINA_Mobile/FINA_Billing/FINA_Billing_Sudah Dibayar'

2022-06-16 16:19:29 - [TEST_STEP][PASSED] - delay(2): Delayed 2 second(s)

2022-06-16 16:19:31 - [MESSAGE][PASSED] - Delayed 2 second(s)

2022-06-16 16:19:31 - [TEST_STEP][PASSED] - takeScreenshotAsCheckpoint(baseDir + sspathasuransicakpro + "skenario-14.11-list billing sudah dibayar" + ".png", STOP_ON_FAILURE): Screenshot is taken

2022-06-16 16:19:32 - [MESSAGE][INFO] - 0 hidden object(s)

2022-06-16 16:19:32 - [MESSAGE][PASSED] - Screenshot is taken
[[ATTACHMENT|C:\Users\Nia Yusniati\Git_Asa\katalon-fina\Screenshots\mobile\cakpro\keyes\keyes-skenario-14.11-list billing sudah dibayar.png]]

2022-06-16 16:19:32 - [TEST_STEP][PASSED] - tap(findTestObject("DMS_FINA_Mobile/FINA_Billing/FINA_Billing_Belum Dibayar"), 0): Tapped on element 'Object Repository/DMS_FINA_Mobile/FINA_Billing/FINA_Billing_Belum Dibayar'

2022-06-16 16:19:33 - [MESSAGE][WARNING] - Timeout '0' is invalid. Using default page load timeout: '30'

2022-06-16 16:19:34 - [MESSAGE][PASSED] - Tapped on element 'Object Repository/DMS_FINA_Mobile/FINA_Billing/FINA_Billing_Belum Dibayar'

2022-06-16 16:19:34 - [TEST_STEP][PASSED] - tap(findTestObject("DMS_FINA_Mobile/FINA_Billing/FINA_Billing_List1_Button"), 0): Tapped on element 'Object Repository/DMS_FINA_Mobile/FINA_Billing/FINA_Billing_List1_Button'

2022-06-16 16:19:34 - [MESSAGE][WARNING] - Timeout '0' is invalid. Using default page load timeout: '30'

2022-06-16 16:19:36 - [MESSAGE][PASSED] - Tapped on element 'Object Repository/DMS_FINA_Mobile/FINA_Billing/FINA_Billing_List1_Button'

2022-06-16 16:19:36 - [TEST_STEP][PASSED] - delay(20): Delayed 20 second(s)

2022-06-16 16:19:56 - [MESSAGE][PASSED] - Delayed 20 second(s)

2022-06-16 16:19:56 - [TEST_STEP][PASSED] - takeScreenshotAsCheckpoint(baseDir + sspathasuransicakpro + "skenario-14.12-detail billing belum dibayar" + ".png", STOP_ON_FAILURE): Screenshot is taken

2022-06-16 16:19:57 - [MESSAGE][INFO] - 0 hidden object(s)

2022-06-16 16:19:57 - [MESSAGE][PASSED] - Screenshot is taken
[[ATTACHMENT|C:\Users\Nia Yusniati\Git_Asa\katalon-fina\Screenshots\mobile\cakpro\keyes\keyes-skenario-14.12-detail billing belum dibayar.png]]

2022-06-16 16:19:57 - [TEST_STEP][PASSED] - tap(findTestObject("DMS_FINA_Mobile/FINA_Billing/FINA_Billing_Email_Button"), 0): Tapped on element 'Object Repository/DMS_FINA_Mobile/FINA_Billing/FINA_Billing_Email_Button'

2022-06-16 16:19:57 - [MESSAGE][WARNING] - Timeout '0' is invalid. Using default page load timeout: '30'

2022-06-16 16:19:59 - [MESSAGE][PASSED] - Tapped on element 'Object Repository/DMS_FINA_Mobile/FINA_Billing/FINA_Billing_Email_Button'

2022-06-16 16:19:59 - [TEST_STEP][PASSED] - delay(2): Delayed 2 second(s)

2022-06-16 16:20:01 - [MESSAGE][PASSED] - Delayed 2 second(s)

2022-06-16 16:20:01 - [TEST_STEP][PASSED] - takeScreenshotAsCheckpoint(baseDir + sspathasuransicakpro + "skenario-14.13-kirim email billing" + ".png", STOP_ON_FAILURE): Screenshot is taken

2022-06-16 16:20:02 - [MESSAGE][INFO] - 0 hidden object(s)

2022-06-16 16:20:03 - [MESSAGE][PASSED] - Screenshot is taken
[[ATTACHMENT|C:\Users\Nia Yusniati\Git_Asa\katalon-fina\Screenshots\mobile\cakpro\keyes\keyes-skenario-14.13-kirim email billing.png]]

2022-06-16 16:20:03 - [TEST_STEP][PASSED] - tap(findTestObject("DMS_FINA_Mobile/FINA_Billing/FINA_Billing_Kirim_email_Button"), 0): Tapped on element 'Object Repository/DMS_FINA_Mobile/FINA_Billing/FINA_Billing_Kirim_email_Button'

2022-06-16 16:20:03 - [MESSAGE][WARNING] - Timeout '0' is invalid. Using default page load timeout: '30'

2022-06-16 16:20:03 - [MESSAGE][PASSED] - Tapped on element 'Object Repository/DMS_FINA_Mobile/FINA_Billing/FINA_Billing_Kirim_email_Button'

2022-06-16 16:20:03 - [TEST_STEP][PASSED] - delay(9): Delayed 9 second(s)

2022-06-16 16:20:12 - [MESSAGE][PASSED] - Delayed 9 second(s)

2022-06-16 16:20:12 - [TEST_STEP][PASSED] - takeScreenshotAsCheckpoint(baseDir + sspathasuransicakpro + "skenario-14.14-dokumen terkirim" + ".png", STOP_ON_FAILURE): Screenshot is taken

2022-06-16 16:20:14 - [MESSAGE][INFO] - 0 hidden object(s)

2022-06-16 16:20:14 - [MESSAGE][PASSED] - Screenshot is taken
[[ATTACHMENT|C:\Users\Nia Yusniati\Git_Asa\katalon-fina\Screenshots\mobile\cakpro\keyes\keyes-skenario-14.14-dokumen terkirim.png]]

2022-06-16 16:20:14 - [TEST_STEP][NOT_RUN] - tap(findTestObject("DMS_FINA_Mobile/FINA_Billing/FINA_Billing_Download_Button"), 0): NOT_RUN: tap(findTestObject("DMS_FINA_Mobile/FINA_Billing/FINA_Billing_Download_Button"), 0)

2022-06-16 16:20:14 - [MESSAGE][NOT_RUN] - NOT_RUN: tap(findTestObject("DMS_FINA_Mobile/FINA_Billing/FINA_Billing_Download_Button"), 0)

2022-06-16 16:20:14 - [TEST_STEP][NOT_RUN] - delay(5): NOT_RUN: delay(5)

2022-06-16 16:20:14 - [MESSAGE][NOT_RUN] - NOT_RUN: delay(5)

2022-06-16 16:20:14 - [TEST_STEP][NOT_RUN] - takeScreenshotAsCheckpoint(baseDir + sspathasuransicakpro + "skenario-14.15-dokumen tersimpan" + ".png", STOP_ON_FAILURE): NOT_RUN: takeScreenshotAsCheckpoint(baseDir + sspathasuransicakpro + "skenario-14.15-dokumen tersimpan" + ".png", STOP_ON_FAILURE)

2022-06-16 16:20:14 - [MESSAGE][NOT_RUN] - NOT_RUN: takeScreenshotAsCheckpoint(baseDir + sspathasuransicakpro + "skenario-14.15-dokumen tersimpan" + ".png", STOP_ON_FAILURE)

2022-06-16 16:20:14 - [TEST_STEP][NOT_RUN] - tap(findTestObject("DMS_FINA_Mobile/FINA_Billing/android_Save Doc_Button"), 0): NOT_RUN: tap(findTestObject("DMS_FINA_Mobile/FINA_Billing/android_Save Doc_Button"), 0)

2022-06-16 16:20:14 - [MESSAGE][NOT_RUN] - NOT_RUN: tap(findTestObject("DMS_FINA_Mobile/FINA_Billing/android_Save Doc_Button"), 0)

2022-06-16 16:20:14 - [TEST_STEP][PASSED] - pressBack(): Press back button successfully

2022-06-16 16:20:15 - [MESSAGE][PASSED] - Press back button successfully

2022-06-16 16:20:15 - [TEST_STEP][PASSED] - pressBack(): Press back button successfully

2022-06-16 16:20:16 - [MESSAGE][PASSED] - Press back button successfully

2022-06-16 16:20:16 - [TEST_STEP][PASSED] - Account = findElement(findTestObject("Object Repository/DMS_FINA_Mobile/FINA_BottomNav_Account_Button"), 10): null

2022-06-16 16:20:19 - [TEST_STEP][PASSED] - Account.click(): null

2022-06-16 16:20:19 - [TEST_STEP][PASSED] - delay(5): Delayed 5 second(s)

2022-06-16 16:20:24 - [MESSAGE][PASSED] - Delayed 5 second(s)]]></system-out>
         <system-err><![CDATA[]]></system-err>
      </testcase>
      <system-out><![CDATA[2022-06-16 16:17:48 - [TEST_SUITE][PASSED] - 3. Login - billing belum dibayar: Test Cases/DMS_Renewal dan Upgrade Asuransi Aswata/Matriks 9.14/14.4. Billing belum dibayar]]></system-out>
      <system-err><![CDATA[]]></system-err>
   </testsuite>
</testsuites>
