<?xml version="1.0" encoding="UTF-8"?>
<testsuites name="1. Login - submit" time="185.442" tests="2" failures="0" errors="0">
   <testsuite name="1. Login - submit" tests="2" failures="0" errors="0" time="185.442" skipped="0" timestamp="2022-06-17 10:07:40" hostname="Nia Yusniati - Apandi.mshome.net" id="Test Suites/Upgrade - renewal FINA - Aswata/2/1. Login - submit">
      <properties>
[...]
</properties>
      <testcase name="Test Cases/DMS_Renewal dan Upgrade Asuransi Aswata/Matriks 2/2.1. Login - konsumen" time="52.807" classname="Test Cases/DMS_Renewal dan Upgrade Asuransi Aswata/Matriks 2/2.1. Login - konsumen" status="PASSED">
         <system-out><![CDATA[2022-06-17 10:07:40 - [TEST_CASE][PASSED] - Test Cases/DMS_Renewal dan Upgrade Asuransi Aswata/Matriks 2/2.1. Login - konsumen: Test Cases/DMS_Renewal dan Upgrade Asuransi Aswata/Matriks 2/2.1. Login - konsumen

2022-06-17 10:07:42 - [TEST_STEP][PASSED] - baseDir = System.getProperty("user.dir"): null

2022-06-17 10:07:42 - [TEST_STEP][PASSED] - startExistingApplication("com.vq.mbrochuregp.client.android", STOP_ON_FAILURE): Starting app with application ID: 'com.vq.mbrochuregp.client.android'

2022-06-17 10:07:45 - [MESSAGE][INFO] - Appium server started on port 61,379

2022-06-17 10:07:59 - [MESSAGE][PASSED] - Starting app with application ID: 'com.vq.mbrochuregp.client.android'

2022-06-17 10:07:59 - [TEST_STEP][PASSED] - delay(8): Delayed 8 second(s)

2022-06-17 10:08:07 - [MESSAGE][PASSED] - Delayed 8 second(s)

2022-06-17 10:08:07 - [TEST_STEP][PASSED] - delay(2): Delayed 2 second(s)

2022-06-17 10:08:10 - [MESSAGE][PASSED] - Delayed 2 second(s)

2022-06-17 10:08:10 - [TEST_STEP][PASSED] - element = findElement(findTestObject("DMS_FINA_Mobile/FINA_BottomNav_Account_Button"), 10): null

2022-06-17 10:08:11 - [TEST_STEP][PASSED] - element.click(): null

2022-06-17 10:08:12 - [TEST_STEP][PASSED] - setText(findTestObject("DMS_FINA_Mobile/FINA_Login/Login_Text"), findTestData("DMS_Asr_Cakpro").getObjectValue("Login", 7), 0): Text 'rizal@mailinator.com' has been set to element 'Object Repository/DMS_FINA_Mobile/FINA_Login/Login_Text'

2022-06-17 10:08:13 - [MESSAGE][WARNING] - Timeout '0' is invalid. Using default page load timeout: '30'

2022-06-17 10:08:15 - [MESSAGE][PASSED] - Text 'rizal@mailinator.com' has been set to element 'Object Repository/DMS_FINA_Mobile/FINA_Login/Login_Text'

2022-06-17 10:08:15 - [TEST_STEP][PASSED] - setText(findTestObject("DMS_FINA_Mobile/FINA_Login/Login_Password_Text"), findTestData("DMS_Asr_Cakpro").getObjectValue("Pass", 7), 0): Text '123abc' has been set to element 'Object Repository/DMS_FINA_Mobile/FINA_Login/Login_Password_Text'

2022-06-17 10:08:15 - [MESSAGE][WARNING] - Timeout '0' is invalid. Using default page load timeout: '30'

2022-06-17 10:08:16 - [MESSAGE][PASSED] - Text '123abc' has been set to element 'Object Repository/DMS_FINA_Mobile/FINA_Login/Login_Password_Text'

2022-06-17 10:08:16 - [TEST_STEP][PASSED] - takeScreenshotAsCheckpoint(baseDir + sspathasuransicakpro + "skenario-2.1-input username dan password" + ".png", STOP_ON_FAILURE): Screenshot is taken

2022-06-17 10:08:19 - [MESSAGE][INFO] - 0 hidden object(s)

2022-06-17 10:08:20 - [MESSAGE][PASSED] - Screenshot is taken
[[ATTACHMENT|C:\Users\Nia Yusniati\Git_Asa\katalon-fina\Screenshots\mobile\cakpro\keyes\keyes-skenario-2.1-input username dan password.png]]

2022-06-17 10:08:20 - [TEST_STEP][PASSED] - tap(findTestObject("DMS_FINA_Mobile/FINA_Login/FINA_Login_Button"), 0): Tapped on element 'Object Repository/DMS_FINA_Mobile/FINA_Login/FINA_Login_Button'

2022-06-17 10:08:20 - [MESSAGE][WARNING] - Timeout '0' is invalid. Using default page load timeout: '30'

2022-06-17 10:08:20 - [MESSAGE][PASSED] - Tapped on element 'Object Repository/DMS_FINA_Mobile/FINA_Login/FINA_Login_Button'

2022-06-17 10:08:20 - [TEST_STEP][PASSED] - delay(5, STOP_ON_FAILURE): Delayed 5 second(s)

2022-06-17 10:08:25 - [MESSAGE][PASSED] - Delayed 5 second(s)

2022-06-17 10:08:25 - [TEST_STEP][PASSED] - elementAccount = findElement(findTestObject("DMS_FINA_Mobile/FINA_BottomNav_Account_Button"), 10): null

2022-06-17 10:08:29 - [TEST_STEP][PASSED] - elementAccount.click(): null

2022-06-17 10:08:29 - [TEST_STEP][PASSED] - takeScreenshotAsCheckpoint(baseDir + sspathasuransicakpro + "skenario-2.2-berhasil login" + ".png", STOP_ON_FAILURE): Screenshot is taken

2022-06-17 10:08:32 - [MESSAGE][INFO] - 0 hidden object(s)

2022-06-17 10:08:33 - [MESSAGE][PASSED] - Screenshot is taken
[[ATTACHMENT|C:\Users\Nia Yusniati\Git_Asa\katalon-fina\Screenshots\mobile\cakpro\keyes\keyes-skenario-2.2-berhasil login.png]]

2022-06-17 10:08:33 - [TEST_STEP][PASSED] - elementHome = findElement(findTestObject("DMS_FINA_Mobile/FINA_BottomNav_Home_Button"), 10): null

2022-06-17 10:08:33 - [TEST_STEP][PASSED] - elementHome.click(): null]]></system-out>
         <system-err><![CDATA[]]></system-err>
      </testcase>
      <testcase name="Test Cases/DMS_Renewal dan Upgrade Asuransi Aswata/Matriks 2/2.2. Upgrade Asuransi" time="130.516" classname="Test Cases/DMS_Renewal dan Upgrade Asuransi Aswata/Matriks 2/2.2. Upgrade Asuransi" status="PASSED">
         <system-out><![CDATA[2022-06-17 10:08:33 - [TEST_CASE][PASSED] - Test Cases/DMS_Renewal dan Upgrade Asuransi Aswata/Matriks 2/2.2. Upgrade Asuransi: Test Cases/DMS_Renewal dan Upgrade Asuransi Aswata/Matriks 2/2.2. Upgrade Asuransi

2022-06-17 10:08:34 - [TEST_STEP][PASSED] - baseDir = System.getProperty("user.dir"): null

2022-06-17 10:08:34 - [TEST_STEP][PASSED] - startExistingApplication("com.vq.mbrochuregp.client.android", STOP_ON_FAILURE): Starting app with application ID: 'com.vq.mbrochuregp.client.android'

2022-06-17 10:08:45 - [MESSAGE][PASSED] - Starting app with application ID: 'com.vq.mbrochuregp.client.android'

2022-06-17 10:08:45 - [TEST_STEP][PASSED] - delay(8): Delayed 8 second(s)

2022-06-17 10:08:53 - [MESSAGE][PASSED] - Delayed 8 second(s)

2022-06-17 10:08:53 - [TEST_STEP][PASSED] - pressBack(): Press back button successfully

2022-06-17 10:08:54 - [MESSAGE][PASSED] - Press back button successfully

2022-06-17 10:08:54 - [TEST_STEP][PASSED] - tap(findTestObject("DMS_FINA_Mobile/FINA_Login/android.widget.Button - TIDAK"), 0): Tapped on element 'Object Repository/DMS_FINA_Mobile/FINA_Login/android.widget.Button - TIDAK'

2022-06-17 10:08:54 - [MESSAGE][WARNING] - Timeout '0' is invalid. Using default page load timeout: '30'

2022-06-17 10:08:54 - [MESSAGE][PASSED] - Tapped on element 'Object Repository/DMS_FINA_Mobile/FINA_Login/android.widget.Button - TIDAK'

2022-06-17 10:08:54 - [TEST_STEP][PASSED] - tap(findTestObject("DMS_FINA_Mobile/FINA_Mobile_Main Menu/FINA_Menu_More_Button"), 0): Tapped on element 'Object Repository/DMS_FINA_Mobile/FINA_Mobile_Main Menu/FINA_Menu_More_Button'

2022-06-17 10:08:55 - [MESSAGE][WARNING] - Timeout '0' is invalid. Using default page load timeout: '30'

2022-06-17 10:08:55 - [MESSAGE][PASSED] - Tapped on element 'Object Repository/DMS_FINA_Mobile/FINA_Mobile_Main Menu/FINA_Menu_More_Button'

2022-06-17 10:08:55 - [TEST_STEP][PASSED] - tap(findTestObject("DMS_FINA_Mobile/FINA_Menu_More Menu/Features/FINA_More_UpgradeAsr_Button"), 0): Tapped on element 'Object Repository/DMS_FINA_Mobile/FINA_Menu_More Menu/Features/FINA_More_UpgradeAsr_Button'

2022-06-17 10:08:55 - [MESSAGE][WARNING] - Timeout '0' is invalid. Using default page load timeout: '30'

2022-06-17 10:08:56 - [MESSAGE][PASSED] - Tapped on element 'Object Repository/DMS_FINA_Mobile/FINA_Menu_More Menu/Features/FINA_More_UpgradeAsr_Button'

2022-06-17 10:08:56 - [TEST_STEP][PASSED] - delay(30): Delayed 30 second(s)

2022-06-17 10:09:26 - [MESSAGE][PASSED] - Delayed 30 second(s)

2022-06-17 10:09:26 - [TEST_STEP][PASSED] - tap(findTestObject("APN_Fina New Versi/List Data/Upgrade 1-1"), 0): Tapped on element 'Object Repository/APN_Fina New Versi/List Data/Upgrade 1-1'

2022-06-17 10:09:27 - [MESSAGE][WARNING] - Timeout '0' is invalid. Using default page load timeout: '30'

2022-06-17 10:09:27 - [MESSAGE][PASSED] - Tapped on element 'Object Repository/APN_Fina New Versi/List Data/Upgrade 1-1'

2022-06-17 10:09:27 - [TEST_STEP][PASSED] - delay(10): Delayed 10 second(s)

2022-06-17 10:09:37 - [MESSAGE][PASSED] - Delayed 10 second(s)

2022-06-17 10:09:37 - [TEST_STEP][PASSED] - takeScreenshotAsCheckpoint(baseDir + sspathasuransicakpro + "skenario-2.3-list kendaraan" + ".png", STOP_ON_FAILURE): Screenshot is taken

2022-06-17 10:09:39 - [MESSAGE][INFO] - 0 hidden object(s)

2022-06-17 10:09:39 - [MESSAGE][PASSED] - Screenshot is taken
[[ATTACHMENT|C:\Users\Nia Yusniati\Git_Asa\katalon-fina\Screenshots\mobile\cakpro\keyes\keyes-skenario-2.3-list kendaraan.png]]

2022-06-17 10:09:39 - [TEST_STEP][PASSED] - tap(findTestObject("DMS_FINA_Mobile/FINA_Upgrade_Asuransi/FINA_UpgradeAsr_Detail_Tenor4_Checkbox"), 0): Tapped on element 'Object Repository/DMS_FINA_Mobile/FINA_Upgrade_Asuransi/FINA_UpgradeAsr_Detail_Tenor4_Checkbox'

2022-06-17 10:09:39 - [MESSAGE][WARNING] - Timeout '0' is invalid. Using default page load timeout: '30'

2022-06-17 10:09:40 - [MESSAGE][PASSED] - Tapped on element 'Object Repository/DMS_FINA_Mobile/FINA_Upgrade_Asuransi/FINA_UpgradeAsr_Detail_Tenor4_Checkbox'

2022-06-17 10:09:40 - [TEST_STEP][PASSED] - delay(2): Delayed 2 second(s)

2022-06-17 10:09:42 - [MESSAGE][PASSED] - Delayed 2 second(s)

2022-06-17 10:09:42 - [TEST_STEP][PASSED] - takeScreenshotAsCheckpoint(baseDir + sspathasuransicakpro + "skenario-2.4-pilih tenor" + ".png", STOP_ON_FAILURE): Screenshot is taken

2022-06-17 10:09:44 - [MESSAGE][INFO] - 0 hidden object(s)

2022-06-17 10:09:44 - [MESSAGE][PASSED] - Screenshot is taken
[[ATTACHMENT|C:\Users\Nia Yusniati\Git_Asa\katalon-fina\Screenshots\mobile\cakpro\keyes\keyes-skenario-2.4-pilih tenor.png]]

2022-06-17 10:09:44 - [TEST_STEP][PASSED] - Lanjutkan1 = findElement(findTestObject("Object Repository/DMS_FINA_Mobile/FINA_Upgrade_Asuransi/FINA_UpgradeAsr_Detail_Lanjutkan_Button"), 10): null

2022-06-17 10:09:45 - [TEST_STEP][PASSED] - Lanjutkan1.click(): null

2022-06-17 10:09:45 - [TEST_STEP][PASSED] - "start": null

2022-06-17 10:09:45 - [TEST_STEP][NOT_RUN] - device_Height = getDeviceHeight(): NOT_RUN: device_Height = getDeviceHeight()

2022-06-17 10:09:45 - [MESSAGE][NOT_RUN] - NOT_RUN: device_Height = getDeviceHeight()

2022-06-17 10:09:45 - [TEST_STEP][NOT_RUN] - device_Width = getDeviceWidth(): NOT_RUN: device_Width = getDeviceWidth()

2022-06-17 10:09:45 - [MESSAGE][NOT_RUN] - NOT_RUN: device_Width = getDeviceWidth()

2022-06-17 10:09:45 - [TEST_STEP][NOT_RUN] - startX = device_Width / 2: NOT_RUN: startX = device_Width / 2

2022-06-17 10:09:45 - [MESSAGE][NOT_RUN] - NOT_RUN: startX = device_Width / 2

2022-06-17 10:09:45 - [TEST_STEP][NOT_RUN] - endX = startX: NOT_RUN: endX = startX

2022-06-17 10:09:45 - [MESSAGE][NOT_RUN] - NOT_RUN: endX = startX

2022-06-17 10:09:45 - [TEST_STEP][NOT_RUN] - startY = device_Height * 0.30: NOT_RUN: startY = device_Height * 0.30

2022-06-17 10:09:45 - [MESSAGE][NOT_RUN] - NOT_RUN: startY = device_Height * 0.30

2022-06-17 10:09:45 - [TEST_STEP][NOT_RUN] - endY = device_Height * 0.70: NOT_RUN: endY = device_Height * 0.70

2022-06-17 10:09:45 - [MESSAGE][NOT_RUN] - NOT_RUN: endY = device_Height * 0.70

2022-06-17 10:09:45 - [TEST_STEP][NOT_RUN] - swipe(startX, endY, endX, startY): NOT_RUN: swipe(startX, endY, endX, startY)

2022-06-17 10:09:45 - [MESSAGE][NOT_RUN] - NOT_RUN: swipe(startX, endY, endX, startY)

2022-06-17 10:09:45 - [TEST_STEP][NOT_RUN] - comment("end"): NOT_RUN: comment("end")

2022-06-17 10:09:45 - [MESSAGE][NOT_RUN] - NOT_RUN: comment("end")

2022-06-17 10:09:45 - [TEST_STEP][NOT_RUN] - tap(findTestObject("DMS_FINA_Mobile/FINA_Upgrade_Asuransi/FINA_UpgradeAsr_Detail_Perluasan_RSCC4_Checkbox"), 0): NOT_RUN: tap(findTestObject("DMS_FINA_Mobile/FINA_Upgrade_Asuransi/FINA_UpgradeAsr_Detail_Perluasan_RSCC4_Checkbox"), 0)

2022-06-17 10:09:45 - [MESSAGE][NOT_RUN] - NOT_RUN: tap(findTestObject("DMS_FINA_Mobile/FINA_Upgrade_Asuransi/FINA_UpgradeAsr_Detail_Perluasan_RSCC4_Checkbox"), 0)

2022-06-17 10:09:45 - [TEST_STEP][NOT_RUN] - tap(findTestObject("DMS_FINA_Mobile/FINA_Upgrade_Asuransi/FINA_UpgradeAsr_Detail_Perluasan_TJH10_4_Checkbox"), 0): NOT_RUN: tap(findTestObject("DMS_FINA_Mobile/FINA_Upgrade_Asuransi/FINA_UpgradeAsr_Detail_Perluasan_TJH10_4_Checkbox"), 0)

2022-06-17 10:09:45 - [MESSAGE][NOT_RUN] - NOT_RUN: tap(findTestObject("DMS_FINA_Mobile/FINA_Upgrade_Asuransi/FINA_UpgradeAsr_Detail_Perluasan_TJH10_4_Checkbox"), 0)

2022-06-17 10:09:45 - [TEST_STEP][PASSED] - delay(20): Delayed 20 second(s)

2022-06-17 10:10:05 - [MESSAGE][PASSED] - Delayed 20 second(s)

2022-06-17 10:10:05 - [TEST_STEP][PASSED] - takeScreenshotAsCheckpoint(baseDir + sspathasuransicakpro + "skenario-2.5-pilih jenis upgrade" + ".png", STOP_ON_FAILURE): Screenshot is taken

2022-06-17 10:10:07 - [MESSAGE][INFO] - 0 hidden object(s)

2022-06-17 10:10:07 - [MESSAGE][PASSED] - Screenshot is taken
[[ATTACHMENT|C:\Users\Nia Yusniati\Git_Asa\katalon-fina\Screenshots\mobile\cakpro\keyes\keyes-skenario-2.5-pilih jenis upgrade.png]]

2022-06-17 10:10:07 - [TEST_STEP][PASSED] - Lanjutkan2 = findElement(findTestObject("Object Repository/DMS_FINA_Mobile/FINA_Upgrade_Asuransi/FINA_UpgradeAsr_Detail_PilihAsuransidanPerluasan_Lanjutkan_Button"), 10): null

2022-06-17 10:10:08 - [TEST_STEP][PASSED] - Lanjutkan2.click(): null

2022-06-17 10:10:08 - [TEST_STEP][PASSED] - delay(10): Delayed 10 second(s)

2022-06-17 10:10:18 - [MESSAGE][PASSED] - Delayed 10 second(s)

2022-06-17 10:10:18 - [TEST_STEP][PASSED] - takeScreenshotAsCheckpoint(baseDir + sspathasuransicakpro + "skenario-2.6-konfirmasi upgrade" + ".png", STOP_ON_FAILURE): Screenshot is taken

2022-06-17 10:10:19 - [MESSAGE][INFO] - 0 hidden object(s)

2022-06-17 10:10:20 - [MESSAGE][PASSED] - Screenshot is taken
[[ATTACHMENT|C:\Users\Nia Yusniati\Git_Asa\katalon-fina\Screenshots\mobile\cakpro\keyes\keyes-skenario-2.6-konfirmasi upgrade.png]]

2022-06-17 10:10:20 - [TEST_STEP][PASSED] - Submit = findElement(findTestObject("DMS_FINA_Mobile/FINA_Upgrade_Asuransi/FINA_UpgradeAsr_Konfirmasi_Submit_Button"), 10): null

2022-06-17 10:10:20 - [TEST_STEP][PASSED] - Submit.click(): null

2022-06-17 10:10:20 - [TEST_STEP][PASSED] - tap(findTestObject("DMS_FINA_Mobile/FINA_Upgrade_Asuransi/FINA_UpgradeAsr_Detail_Konfirmasi_Ya_Button"), 0): Tapped on element 'Object Repository/DMS_FINA_Mobile/FINA_Upgrade_Asuransi/FINA_UpgradeAsr_Detail_Konfirmasi_Ya_Button'

2022-06-17 10:10:20 - [MESSAGE][WARNING] - Timeout '0' is invalid. Using default page load timeout: '30'

2022-06-17 10:10:21 - [MESSAGE][PASSED] - Tapped on element 'Object Repository/DMS_FINA_Mobile/FINA_Upgrade_Asuransi/FINA_UpgradeAsr_Detail_Konfirmasi_Ya_Button'

2022-06-17 10:10:21 - [TEST_STEP][PASSED] - delay(10): Delayed 10 second(s)

2022-06-17 10:10:31 - [MESSAGE][PASSED] - Delayed 10 second(s)

2022-06-17 10:10:31 - [TEST_STEP][PASSED] - takeScreenshotAsCheckpoint(baseDir + sspathasuransicakpro + "skenario-2.7-proses submit berhasil" + ".png", STOP_ON_FAILURE): Screenshot is taken

2022-06-17 10:10:33 - [MESSAGE][INFO] - 0 hidden object(s)

2022-06-17 10:10:33 - [MESSAGE][PASSED] - Screenshot is taken
[[ATTACHMENT|C:\Users\Nia Yusniati\Git_Asa\katalon-fina\Screenshots\mobile\cakpro\keyes\keyes-skenario-2.7-proses submit berhasil.png]]

2022-06-17 10:10:33 - [TEST_STEP][PASSED] - tap(findTestObject("DMS_FINA_Mobile/FINA_Upgrade_Asuransi/FINA_UpgradeAsr_Submit_Kembali_Button"), 0): Tapped on element 'Object Repository/DMS_FINA_Mobile/FINA_Upgrade_Asuransi/FINA_UpgradeAsr_Submit_Kembali_Button'

2022-06-17 10:10:33 - [MESSAGE][WARNING] - Timeout '0' is invalid. Using default page load timeout: '30'

2022-06-17 10:10:34 - [MESSAGE][PASSED] - Tapped on element 'Object Repository/DMS_FINA_Mobile/FINA_Upgrade_Asuransi/FINA_UpgradeAsr_Submit_Kembali_Button'

2022-06-17 10:10:34 - [TEST_STEP][PASSED] - pressBack(): Press back button successfully

2022-06-17 10:10:35 - [MESSAGE][PASSED] - Press back button successfully

2022-06-17 10:10:35 - [TEST_STEP][PASSED] - pressBack(): Press back button successfully

2022-06-17 10:10:37 - [MESSAGE][PASSED] - Press back button successfully

2022-06-17 10:10:37 - [TEST_STEP][PASSED] - Account = findElement(findTestObject("Object Repository/DMS_FINA_Mobile/FINA_BottomNav_Account_Button"), 10): null

2022-06-17 10:10:39 - [TEST_STEP][PASSED] - Account.click(): null

2022-06-17 10:10:39 - [TEST_STEP][PASSED] - delay(5): Delayed 5 second(s)

2022-06-17 10:10:44 - [MESSAGE][PASSED] - Delayed 5 second(s)]]></system-out>
         <system-err><![CDATA[]]></system-err>
      </testcase>
      <system-out><![CDATA[2022-06-17 10:07:40 - [TEST_SUITE][PASSED] - 1. Login - submit: Test Cases/DMS_Renewal dan Upgrade Asuransi Aswata/Matriks 2/2.2. Upgrade Asuransi]]></system-out>
      <system-err><![CDATA[]]></system-err>
   </testsuite>
</testsuites>
